{
  "D:\\web\\jewelry_store\\jewelry-project\\back-end\\middleware\\authMiddleware.js": {
    "path": "D:\\web\\jewelry_store\\jewelry-project\\back-end\\middleware\\authMiddleware.js",
    "statementMap": {
      "0": { "start": { "line": 5, "column": 23 }, "end": { "line": 25, "column": 1 } },
      "1": { "start": { "line": 6, "column": 2 }, "end": { "line": 24, "column": 3 } },
      "2": { "start": { "line": 7, "column": 23 }, "end": { "line": 7, "column": 54 } },
      "3": { "start": { "line": 8, "column": 4 }, "end": { "line": 10, "column": 5 } },
      "4": { "start": { "line": 9, "column": 6 }, "end": { "line": 9, "column": 69 } },
      "5": { "start": { "line": 12, "column": 18 }, "end": { "line": 12, "column": 42 } },
      "6": { "start": { "line": 13, "column": 20 }, "end": { "line": 13, "column": 61 } },
      "7": { "start": { "line": 14, "column": 17 }, "end": { "line": 14, "column": 72 } },
      "8": { "start": { "line": 16, "column": 4 }, "end": { "line": 18, "column": 5 } },
      "9": { "start": { "line": 17, "column": 6 }, "end": { "line": 17, "column": 76 } },
      "10": { "start": { "line": 20, "column": 4 }, "end": { "line": 20, "column": 20 } },
      "11": { "start": { "line": 21, "column": 4 }, "end": { "line": 21, "column": 11 } },
      "12": { "start": { "line": 23, "column": 4 }, "end": { "line": 23, "column": 82 } },
      "13": { "start": { "line": 29, "column": 2 }, "end": { "line": 35, "column": 3 } },
      "14": { "start": { "line": 30, "column": 2 }, "end": { "line": 35, "column": 3 } },
      "15": { "start": { "line": 31, "column": 4 }, "end": { "line": 33, "column": 5 } },
      "16": { "start": { "line": 32, "column": 6 }, "end": { "line": 32, "column": 74 } },
      "17": { "start": { "line": 34, "column": 4 }, "end": { "line": 34, "column": 11 } }
    },
    "fnMap": {
      "0": {
        "name": "(anonymous_0)",
        "decl": { "start": { "line": 5, "column": 23 }, "end": { "line": 5, "column": 24 } },
        "loc": { "start": { "line": 5, "column": 49 }, "end": { "line": 25, "column": 1 } },
        "line": 5
      },
      "1": {
        "name": "(anonymous_1)",
        "decl": { "start": { "line": 29, "column": 2 }, "end": { "line": 29, "column": 3 } },
        "loc": { "start": { "line": 30, "column": 2 }, "end": { "line": 35, "column": 3 } },
        "line": 30
      },
      "2": {
        "name": "(anonymous_2)",
        "decl": { "start": { "line": 30, "column": 2 }, "end": { "line": 30, "column": 3 } },
        "loc": { "start": { "line": 30, "column": 22 }, "end": { "line": 35, "column": 3 } },
        "line": 30
      }
    },
    "branchMap": {
      "0": {
        "loc": { "start": { "line": 7, "column": 23 }, "end": { "line": 7, "column": 54 } },
        "type": "binary-expr",
        "locations": [
          { "start": { "line": 7, "column": 23 }, "end": { "line": 7, "column": 48 } },
          { "start": { "line": 7, "column": 52 }, "end": { "line": 7, "column": 54 } }
        ],
        "line": 7
      },
      "1": {
        "loc": { "start": { "line": 8, "column": 4 }, "end": { "line": 10, "column": 5 } },
        "type": "if",
        "locations": [
          { "start": { "line": 8, "column": 4 }, "end": { "line": 10, "column": 5 } },
          { "start": {}, "end": {} }
        ],
        "line": 8
      },
      "2": {
        "loc": { "start": { "line": 16, "column": 4 }, "end": { "line": 18, "column": 5 } },
        "type": "if",
        "locations": [
          { "start": { "line": 16, "column": 4 }, "end": { "line": 18, "column": 5 } },
          { "start": {}, "end": {} }
        ],
        "line": 16
      },
      "3": {
        "loc": { "start": { "line": 16, "column": 8 }, "end": { "line": 16, "column": 31 } },
        "type": "binary-expr",
        "locations": [
          { "start": { "line": 16, "column": 8 }, "end": { "line": 16, "column": 13 } },
          { "start": { "line": 16, "column": 17 }, "end": { "line": 16, "column": 31 } }
        ],
        "line": 16
      },
      "4": {
        "loc": { "start": { "line": 31, "column": 4 }, "end": { "line": 33, "column": 5 } },
        "type": "if",
        "locations": [
          { "start": { "line": 31, "column": 4 }, "end": { "line": 33, "column": 5 } },
          { "start": {}, "end": {} }
        ],
        "line": 31
      }
    },
    "s": {
      "0": 2,
      "1": 6,
      "2": 6,
      "3": 6,
      "4": 2,
      "5": 4,
      "6": 4,
      "7": 3,
      "8": 3,
      "9": 2,
      "10": 1,
      "11": 1,
      "12": 1,
      "13": 2,
      "14": 1,
      "15": 0,
      "16": 0,
      "17": 0
    },
    "f": { "0": 6, "1": 1, "2": 0 },
    "b": { "0": [6, 1], "1": [2, 4], "2": [2, 1], "3": [3, 2], "4": [0, 0] },
    "inputSourceMap": null,
    "_coverageSchema": "1a1c01bbd47fc00a2c39e90264f33305004495a9",
    "hash": "ba371d947a4e7d0a81761da7bd08f98213c216be"
  },
  "D:\\web\\jewelry_store\\jewelry-project\\back-end\\src\\controllers\\authController.js": {
    "path": "D:\\web\\jewelry_store\\jewelry-project\\back-end\\src\\controllers\\authController.js",
    "statementMap": {
      "0": { "start": { "line": 7, "column": 27 }, "end": { "line": 7, "column": 31 } },
      "1": { "start": { "line": 8, "column": 24 }, "end": { "line": 30, "column": 1 } },
      "2": { "start": { "line": 9, "column": 2 }, "end": { "line": 9, "column": 56 } },
      "3": { "start": { "line": 9, "column": 28 }, "end": { "line": 9, "column": 56 } },
      "4": { "start": { "line": 11, "column": 20 }, "end": { "line": 11, "column": 55 } },
      "5": { "start": { "line": 12, "column": 2 }, "end": { "line": 29, "column": 3 } },
      "6": { "start": { "line": 14, "column": 24 }, "end": { "line": 14, "column": 54 } },
      "7": { "start": { "line": 15, "column": 18 }, "end": { "line": 15, "column": 52 } },
      "8": { "start": { "line": 16, "column": 4 }, "end": { "line": 21, "column": 5 } },
      "9": { "start": { "line": 17, "column": 25 }, "end": { "line": 19, "column": 47 } },
      "10": { "start": { "line": 20, "column": 6 }, "end": { "line": 20, "column": 42 } },
      "11": { "start": { "line": 22, "column": 4 }, "end": { "line": 22, "column": 40 } },
      "12": { "start": { "line": 23, "column": 4 }, "end": { "line": 23, "column": 32 } },
      "13": { "start": { "line": 25, "column": 4 }, "end": { "line": 28, "column": 6 } },
      "14": { "start": { "line": 33, "column": 24 }, "end": { "line": 71, "column": 1 } },
      "15": { "start": { "line": 34, "column": 2 }, "end": { "line": 70, "column": 3 } },
      "16": { "start": { "line": 35, "column": 68 }, "end": { "line": 35, "column": 76 } },
      "17": { "start": { "line": 36, "column": 25 }, "end": { "line": 36, "column": 55 } },
      "18": { "start": { "line": 37, "column": 21 }, "end": { "line": 37, "column": 65 } },
      "19": { "start": { "line": 38, "column": 23 }, "end": { "line": 38, "column": 48 } },
      "20": { "start": { "line": 40, "column": 25 }, "end": { "line": 40, "column": 54 } },
      "21": { "start": { "line": 41, "column": 4 }, "end": { "line": 43, "column": 5 } },
      "22": { "start": { "line": 42, "column": 6 }, "end": { "line": 42, "column": 67 } },
      "23": { "start": { "line": 44, "column": 4 }, "end": { "line": 48, "column": 5 } },
      "24": { "start": { "line": 45, "column": 6 }, "end": { "line": 47, "column": 95 } },
      "25": { "start": { "line": 50, "column": 20 }, "end": { "line": 58, "column": 6 } },
      "26": { "start": { "line": 59, "column": 4 }, "end": { "line": 67, "column": 7 } },
      "27": { "start": { "line": 69, "column": 4 }, "end": { "line": 69, "column": 87 } },
      "28": { "start": { "line": 74, "column": 30 }, "end": { "line": 114, "column": 1 } },
      "29": { "start": { "line": 75, "column": 2 }, "end": { "line": 113, "column": 3 } },
      "30": { "start": { "line": 76, "column": 62 }, "end": { "line": 76, "column": 70 } },
      "31": { "start": { "line": 77, "column": 23 }, "end": { "line": 77, "column": 48 } },
      "32": { "start": { "line": 79, "column": 25 }, "end": { "line": 79, "column": 54 } },
      "33": { "start": { "line": 80, "column": 4 }, "end": { "line": 82, "column": 5 } },
      "34": { "start": { "line": 81, "column": 6 }, "end": { "line": 81, "column": 67 } },
      "35": { "start": { "line": 83, "column": 4 }, "end": { "line": 87, "column": 5 } },
      "36": { "start": { "line": 84, "column": 6 }, "end": { "line": 86, "column": 95 } },
      "37": { "start": { "line": 89, "column": 20 }, "end": { "line": 97, "column": 6 } },
      "38": { "start": { "line": 98, "column": 18 }, "end": { "line": 98, "column": 76 } },
      "39": { "start": { "line": 99, "column": 4 }, "end": { "line": 110, "column": 7 } },
      "40": { "start": { "line": 112, "column": 4 }, "end": { "line": 112, "column": 87 } },
      "41": { "start": { "line": 117, "column": 21 }, "end": { "line": 176, "column": 1 } },
      "42": { "start": { "line": 118, "column": 2 }, "end": { "line": 175, "column": 3 } },
      "43": { "start": { "line": 119, "column": 32 }, "end": { "line": 119, "column": 40 } },
      "44": { "start": { "line": 120, "column": 17 }, "end": { "line": 120, "column": 46 } },
      "45": { "start": { "line": 122, "column": 4 }, "end": { "line": 124, "column": 5 } },
      "46": { "start": { "line": 123, "column": 6 }, "end": { "line": 123, "column": 75 } },
      "47": { "start": { "line": 126, "column": 16 }, "end": { "line": 126, "column": 26 } },
      "48": { "start": { "line": 127, "column": 25 }, "end": { "line": 127, "column": 26 } },
      "49": { "start": { "line": 129, "column": 4 }, "end": { "line": 131, "column": 5 } },
      "50": { "start": { "line": 130, "column": 6 }, "end": { "line": 130, "column": 97 } },
      "51": { "start": { "line": 133, "column": 4 }, "end": { "line": 137, "column": 5 } },
      "52": { "start": { "line": 134, "column": 6 }, "end": { "line": 136, "column": 86 } },
      "53": { "start": { "line": 139, "column": 23 }, "end": { "line": 139, "column": 57 } },
      "54": { "start": { "line": 141, "column": 4 }, "end": { "line": 154, "column": 5 } },
      "55": { "start": { "line": 142, "column": 6 }, "end": { "line": 142, "column": 57 } },
      "56": { "start": { "line": 143, "column": 6 }, "end": { "line": 146, "column": 7 } },
      "57": { "start": { "line": 144, "column": 8 }, "end": { "line": 144, "column": 30 } },
      "58": { "start": { "line": 145, "column": 8 }, "end": { "line": 145, "column": 56 } },
      "59": { "start": { "line": 147, "column": 6 }, "end": { "line": 147, "column": 24 } },
      "60": { "start": { "line": 148, "column": 21 }, "end": { "line": 148, "column": 35 } },
      "61": { "start": { "line": 149, "column": 22 }, "end": { "line": 151, "column": 42 } },
      "62": { "start": { "line": 152, "column": 21 }, "end": { "line": 152, "column": 39 } },
      "63": { "start": { "line": 153, "column": 6 }, "end": { "line": 153, "column": 50 } },
      "64": { "start": { "line": 156, "column": 4 }, "end": { "line": 156, "column": 27 } },
      "65": { "start": { "line": 157, "column": 4 }, "end": { "line": 157, "column": 26 } },
      "66": { "start": { "line": 158, "column": 4 }, "end": { "line": 158, "column": 22 } },
      "67": { "start": { "line": 160, "column": 18 }, "end": { "line": 160, "column": 70 } },
      "68": { "start": { "line": 161, "column": 4 }, "end": { "line": 172, "column": 7 } },
      "69": { "start": { "line": 174, "column": 4 }, "end": { "line": 174, "column": 83 } },
      "70": { "start": { "line": 179, "column": 30 }, "end": { "line": 221, "column": 1 } },
      "71": { "start": { "line": 180, "column": 2 }, "end": { "line": 220, "column": 3 } },
      "72": { "start": { "line": 181, "column": 18 }, "end": { "line": 183, "column": 20 } },
      "73": { "start": { "line": 184, "column": 4 }, "end": { "line": 184, "column": 80 } },
      "74": { "start": { "line": 184, "column": 16 }, "end": { "line": 184, "column": 80 } },
      "75": { "start": { "line": 186, "column": 17 }, "end": { "line": 186, "column": 46 } },
      "76": { "start": { "line": 188, "column": 27 }, "end": { "line": 188, "column": 91 } },
      "77": { "start": { "line": 189, "column": 4 }, "end": { "line": 189, "column": 72 } },
      "78": { "start": { "line": 189, "column": 15 }, "end": { "line": 189, "column": 72 } },
      "79": { "start": { "line": 191, "column": 21 }, "end": { "line": 191, "column": 59 } },
      "80": { "start": { "line": 192, "column": 22 }, "end": { "line": 192, "column": 80 } },
      "81": { "start": { "line": 193, "column": 20 }, "end": { "line": 193, "column": 57 } },
      "82": { "start": { "line": 195, "column": 4 }, "end": { "line": 195, "column": 40 } },
      "83": { "start": { "line": 196, "column": 4 }, "end": { "line": 196, "column": 40 } },
      "84": { "start": { "line": 197, "column": 4 }, "end": { "line": 197, "column": 22 } },
      "85": { "start": { "line": 199, "column": 19 }, "end": { "line": 203, "column": 24 } },
      "86": { "start": { "line": 204, "column": 22 }, "end": { "line": 204, "column": 66 } },
      "87": { "start": { "line": 206, "column": 4 }, "end": { "line": 215, "column": 5 } },
      "88": { "start": { "line": 207, "column": 6 }, "end": { "line": 212, "column": 9 } },
      "89": { "start": { "line": 214, "column": 6 }, "end": { "line": 214, "column": 100 } },
      "90": { "start": { "line": 217, "column": 4 }, "end": { "line": 217, "column": 61 } },
      "91": { "start": { "line": 219, "column": 4 }, "end": { "line": 219, "column": 93 } },
      "92": { "start": { "line": 223, "column": 29 }, "end": { "line": 248, "column": 1 } },
      "93": { "start": { "line": 224, "column": 2 }, "end": { "line": 247, "column": 3 } },
      "94": { "start": { "line": 225, "column": 32 }, "end": { "line": 225, "column": 46 } },
      "95": { "start": { "line": 226, "column": 4 }, "end": { "line": 227, "column": 80 } },
      "96": { "start": { "line": 227, "column": 6 }, "end": { "line": 227, "column": 80 } },
      "97": { "start": { "line": 229, "column": 22 }, "end": { "line": 229, "column": 85 } },
      "98": { "start": { "line": 230, "column": 17 }, "end": { "line": 233, "column": 6 } },
      "99": { "start": { "line": 235, "column": 4 }, "end": { "line": 235, "column": 94 } },
      "100": { "start": { "line": 235, "column": 15 }, "end": { "line": 235, "column": 94 } },
      "101": { "start": { "line": 237, "column": 4 }, "end": { "line": 237, "column": 29 } },
      "102": { "start": { "line": 238, "column": 4 }, "end": { "line": 238, "column": 35 } },
      "103": { "start": { "line": 239, "column": 4 }, "end": { "line": 239, "column": 37 } },
      "104": { "start": { "line": 240, "column": 4 }, "end": { "line": 240, "column": 27 } },
      "105": { "start": { "line": 241, "column": 4 }, "end": { "line": 241, "column": 25 } },
      "106": { "start": { "line": 242, "column": 4 }, "end": { "line": 242, "column": 22 } },
      "107": { "start": { "line": 244, "column": 4 }, "end": { "line": 244, "column": 76 } },
      "108": { "start": { "line": 246, "column": 4 }, "end": { "line": 246, "column": 90 } },
      "109": { "start": { "line": 251, "column": 22 }, "end": { "line": 253, "column": 1 } },
      "110": { "start": { "line": 252, "column": 2 }, "end": { "line": 252, "column": 60 } },
      "111": { "start": { "line": 255, "column": 26 }, "end": { "line": 257, "column": 1 } },
      "112": { "start": { "line": 256, "column": 2 }, "end": { "line": 256, "column": 33 } },
      "113": { "start": { "line": 260, "column": 29 }, "end": { "line": 300, "column": 1 } },
      "114": { "start": { "line": 261, "column": 2 }, "end": { "line": 299, "column": 3 } },
      "115": { "start": { "line": 262, "column": 55 }, "end": { "line": 262, "column": 63 } },
      "116": { "start": { "line": 263, "column": 23 }, "end": { "line": 263, "column": 48 } },
      "117": { "start": { "line": 264, "column": 4 }, "end": { "line": 266, "column": 5 } },
      "118": { "start": { "line": 265, "column": 6 }, "end": { "line": 265, "column": 76 } },
      "119": { "start": { "line": 268, "column": 17 }, "end": { "line": 268, "column": 50 } },
      "120": { "start": { "line": 269, "column": 4 }, "end": { "line": 271, "column": 5 } },
      "121": { "start": { "line": 270, "column": 6 }, "end": { "line": 270, "column": 75 } },
      "122": { "start": { "line": 273, "column": 4 }, "end": { "line": 273, "column": 31 } },
      "123": { "start": { "line": 273, "column": 14 }, "end": { "line": 273, "column": 31 } },
      "124": { "start": { "line": 274, "column": 4 }, "end": { "line": 274, "column": 43 } },
      "125": { "start": { "line": 274, "column": 18 }, "end": { "line": 274, "column": 43 } },
      "126": { "start": { "line": 275, "column": 4 }, "end": { "line": 275, "column": 37 } },
      "127": { "start": { "line": 275, "column": 16 }, "end": { "line": 275, "column": 37 } },
      "128": { "start": { "line": 276, "column": 4 }, "end": { "line": 284, "column": 5 } },
      "129": { "start": { "line": 277, "column": 23 }, "end": { "line": 277, "column": 43 } },
      "130": { "start": { "line": 278, "column": 6 }, "end": { "line": 282, "column": 7 } },
      "131": { "start": { "line": 279, "column": 8 }, "end": { "line": 281, "column": 97 } },
      "132": { "start": { "line": 283, "column": 6 }, "end": { "line": 283, "column": 28 } },
      "133": { "start": { "line": 285, "column": 4 }, "end": { "line": 285, "column": 54 } },
      "134": { "start": { "line": 285, "column": 31 }, "end": { "line": 285, "column": 54 } },
      "135": { "start": { "line": 286, "column": 4 }, "end": { "line": 286, "column": 22 } },
      "136": { "start": { "line": 288, "column": 4 }, "end": { "line": 296, "column": 7 } },
      "137": { "start": { "line": 298, "column": 4 }, "end": { "line": 298, "column": 82 } },
      "138": { "start": { "line": 302, "column": 27 }, "end": { "line": 362, "column": 1 } },
      "139": { "start": { "line": 303, "column": 2 }, "end": { "line": 361, "column": 3 } },
      "140": { "start": { "line": 304, "column": 24 }, "end": { "line": 304, "column": 32 } },
      "141": { "start": { "line": 305, "column": 4 }, "end": { "line": 305, "column": 78 } },
      "142": { "start": { "line": 305, "column": 18 }, "end": { "line": 305, "column": 78 } },
      "143": { "start": { "line": 307, "column": 17 }, "end": { "line": 307, "column": 40 } },
      "144": { "start": { "line": 308, "column": 20 }, "end": { "line": 308, "column": 53 } },
      "145": { "start": { "line": 310, "column": 18 }, "end": { "line": 310, "column": 32 } },
      "146": { "start": { "line": 311, "column": 4 }, "end": { "line": 311, "column": 89 } },
      "147": { "start": { "line": 311, "column": 16 }, "end": { "line": 311, "column": 89 } },
      "148": { "start": { "line": 313, "column": 15 }, "end": { "line": 313, "column": 44 } },
      "149": { "start": { "line": 315, "column": 4 }, "end": { "line": 317, "column": 5 } },
      "150": { "start": { "line": 316, "column": 6 }, "end": { "line": 316, "column": 95 } },
      "151": { "start": { "line": 319, "column": 4 }, "end": { "line": 340, "column": 5 } },
      "152": { "start": { "line": 320, "column": 29 }, "end": { "line": 320, "column": 67 } },
      "153": { "start": { "line": 321, "column": 6 }, "end": { "line": 327, "column": 9 } },
      "154": { "start": { "line": 330, "column": 20 }, "end": { "line": 330, "column": 25 } },
      "155": { "start": { "line": 331, "column": 6 }, "end": { "line": 334, "column": 7 } },
      "156": { "start": { "line": 332, "column": 8 }, "end": { "line": 332, "column": 38 } },
      "157": { "start": { "line": 333, "column": 8 }, "end": { "line": 333, "column": 23 } },
      "158": { "start": { "line": 335, "column": 6 }, "end": { "line": 338, "column": 7 } },
      "159": { "start": { "line": 336, "column": 8 }, "end": { "line": 336, "column": 33 } },
      "160": { "start": { "line": 337, "column": 8 }, "end": { "line": 337, "column": 23 } },
      "161": { "start": { "line": 339, "column": 6 }, "end": { "line": 339, "column": 37 } },
      "162": { "start": { "line": 339, "column": 19 }, "end": { "line": 339, "column": 37 } },
      "163": { "start": { "line": 342, "column": 18 }, "end": { "line": 342, "column": 70 } },
      "164": { "start": { "line": 343, "column": 4 }, "end": { "line": 354, "column": 7 } },
      "165": { "start": { "line": 356, "column": 4 }, "end": { "line": 356, "column": 48 } },
      "166": { "start": { "line": 357, "column": 4 }, "end": { "line": 360, "column": 7 } }
    },
    "fnMap": {
      "0": {
        "name": "(anonymous_0)",
        "decl": { "start": { "line": 8, "column": 24 }, "end": { "line": 8, "column": 25 } },
        "loc": { "start": { "line": 8, "column": 36 }, "end": { "line": 30, "column": 1 } },
        "line": 8
      },
      "1": {
        "name": "(anonymous_1)",
        "decl": { "start": { "line": 33, "column": 24 }, "end": { "line": 33, "column": 25 } },
        "loc": { "start": { "line": 33, "column": 44 }, "end": { "line": 71, "column": 1 } },
        "line": 33
      },
      "2": {
        "name": "(anonymous_2)",
        "decl": { "start": { "line": 74, "column": 30 }, "end": { "line": 74, "column": 31 } },
        "loc": { "start": { "line": 74, "column": 50 }, "end": { "line": 114, "column": 1 } },
        "line": 74
      },
      "3": {
        "name": "(anonymous_3)",
        "decl": { "start": { "line": 117, "column": 21 }, "end": { "line": 117, "column": 22 } },
        "loc": { "start": { "line": 117, "column": 41 }, "end": { "line": 176, "column": 1 } },
        "line": 117
      },
      "4": {
        "name": "(anonymous_4)",
        "decl": { "start": { "line": 179, "column": 30 }, "end": { "line": 179, "column": 31 } },
        "loc": { "start": { "line": 179, "column": 50 }, "end": { "line": 221, "column": 1 } },
        "line": 179
      },
      "5": {
        "name": "(anonymous_5)",
        "decl": { "start": { "line": 223, "column": 29 }, "end": { "line": 223, "column": 30 } },
        "loc": { "start": { "line": 223, "column": 49 }, "end": { "line": 248, "column": 1 } },
        "line": 223
      },
      "6": {
        "name": "(anonymous_6)",
        "decl": { "start": { "line": 251, "column": 22 }, "end": { "line": 251, "column": 23 } },
        "loc": { "start": { "line": 251, "column": 43 }, "end": { "line": 253, "column": 1 } },
        "line": 251
      },
      "7": {
        "name": "(anonymous_7)",
        "decl": { "start": { "line": 255, "column": 26 }, "end": { "line": 255, "column": 27 } },
        "loc": { "start": { "line": 255, "column": 40 }, "end": { "line": 257, "column": 1 } },
        "line": 255
      },
      "8": {
        "name": "(anonymous_8)",
        "decl": { "start": { "line": 260, "column": 29 }, "end": { "line": 260, "column": 30 } },
        "loc": { "start": { "line": 260, "column": 49 }, "end": { "line": 300, "column": 1 } },
        "line": 260
      },
      "9": {
        "name": "(anonymous_9)",
        "decl": { "start": { "line": 302, "column": 27 }, "end": { "line": 302, "column": 28 } },
        "loc": { "start": { "line": 302, "column": 47 }, "end": { "line": 362, "column": 1 } },
        "line": 302
      }
    },
    "branchMap": {
      "0": {
        "loc": { "start": { "line": 9, "column": 2 }, "end": { "line": 9, "column": 56 } },
        "type": "if",
        "locations": [
          { "start": { "line": 9, "column": 2 }, "end": { "line": 9, "column": 56 } },
          { "start": {}, "end": {} }
        ],
        "line": 9
      },
      "1": {
        "loc": { "start": { "line": 15, "column": 18 }, "end": { "line": 15, "column": 52 } },
        "type": "binary-expr",
        "locations": [
          { "start": { "line": 15, "column": 18 }, "end": { "line": 15, "column": 37 } },
          { "start": { "line": 15, "column": 41 }, "end": { "line": 15, "column": 52 } }
        ],
        "line": 15
      },
      "2": {
        "loc": { "start": { "line": 16, "column": 4 }, "end": { "line": 21, "column": 5 } },
        "type": "if",
        "locations": [
          { "start": { "line": 16, "column": 4 }, "end": { "line": 21, "column": 5 } },
          { "start": {}, "end": {} }
        ],
        "line": 16
      },
      "3": {
        "loc": { "start": { "line": 17, "column": 25 }, "end": { "line": 19, "column": 47 } },
        "type": "cond-expr",
        "locations": [
          { "start": { "line": 18, "column": 10 }, "end": { "line": 18, "column": 54 } },
          { "start": { "line": 19, "column": 10 }, "end": { "line": 19, "column": 47 } }
        ],
        "line": 17
      },
      "4": {
        "loc": { "start": { "line": 37, "column": 21 }, "end": { "line": 37, "column": 65 } },
        "type": "cond-expr",
        "locations": [
          { "start": { "line": 37, "column": 51 }, "end": { "line": 37, "column": 55 } },
          { "start": { "line": 37, "column": 58 }, "end": { "line": 37, "column": 65 } }
        ],
        "line": 37
      },
      "5": {
        "loc": { "start": { "line": 41, "column": 4 }, "end": { "line": 43, "column": 5 } },
        "type": "if",
        "locations": [
          { "start": { "line": 41, "column": 4 }, "end": { "line": 43, "column": 5 } },
          { "start": {}, "end": {} }
        ],
        "line": 41
      },
      "6": {
        "loc": { "start": { "line": 44, "column": 4 }, "end": { "line": 48, "column": 5 } },
        "type": "if",
        "locations": [
          { "start": { "line": 44, "column": 4 }, "end": { "line": 48, "column": 5 } },
          { "start": {}, "end": {} }
        ],
        "line": 44
      },
      "7": {
        "loc": { "start": { "line": 44, "column": 8 }, "end": { "line": 44, "column": 55 } },
        "type": "binary-expr",
        "locations": [
          { "start": { "line": 44, "column": 8 }, "end": { "line": 44, "column": 13 } },
          { "start": { "line": 44, "column": 17 }, "end": { "line": 44, "column": 55 } }
        ],
        "line": 44
      },
      "8": {
        "loc": { "start": { "line": 80, "column": 4 }, "end": { "line": 82, "column": 5 } },
        "type": "if",
        "locations": [
          { "start": { "line": 80, "column": 4 }, "end": { "line": 82, "column": 5 } },
          { "start": {}, "end": {} }
        ],
        "line": 80
      },
      "9": {
        "loc": { "start": { "line": 83, "column": 4 }, "end": { "line": 87, "column": 5 } },
        "type": "if",
        "locations": [
          { "start": { "line": 83, "column": 4 }, "end": { "line": 87, "column": 5 } },
          { "start": {}, "end": {} }
        ],
        "line": 83
      },
      "10": {
        "loc": { "start": { "line": 83, "column": 8 }, "end": { "line": 83, "column": 55 } },
        "type": "binary-expr",
        "locations": [
          { "start": { "line": 83, "column": 8 }, "end": { "line": 83, "column": 13 } },
          { "start": { "line": 83, "column": 17 }, "end": { "line": 83, "column": 55 } }
        ],
        "line": 83
      },
      "11": {
        "loc": { "start": { "line": 122, "column": 4 }, "end": { "line": 124, "column": 5 } },
        "type": "if",
        "locations": [
          { "start": { "line": 122, "column": 4 }, "end": { "line": 124, "column": 5 } },
          { "start": {}, "end": {} }
        ],
        "line": 122
      },
      "12": {
        "loc": { "start": { "line": 129, "column": 4 }, "end": { "line": 131, "column": 5 } },
        "type": "if",
        "locations": [
          { "start": { "line": 129, "column": 4 }, "end": { "line": 131, "column": 5 } },
          { "start": {}, "end": {} }
        ],
        "line": 129
      },
      "13": {
        "loc": { "start": { "line": 129, "column": 8 }, "end": { "line": 129, "column": 46 } },
        "type": "binary-expr",
        "locations": [
          { "start": { "line": 129, "column": 8 }, "end": { "line": 129, "column": 22 } },
          { "start": { "line": 129, "column": 26 }, "end": { "line": 129, "column": 46 } }
        ],
        "line": 129
      },
      "14": {
        "loc": { "start": { "line": 133, "column": 4 }, "end": { "line": 137, "column": 5 } },
        "type": "if",
        "locations": [
          { "start": { "line": 133, "column": 4 }, "end": { "line": 137, "column": 5 } },
          { "start": {}, "end": {} }
        ],
        "line": 133
      },
      "15": {
        "loc": { "start": { "line": 141, "column": 4 }, "end": { "line": 154, "column": 5 } },
        "type": "if",
        "locations": [
          { "start": { "line": 141, "column": 4 }, "end": { "line": 154, "column": 5 } },
          { "start": {}, "end": {} }
        ],
        "line": 141
      },
      "16": {
        "loc": { "start": { "line": 142, "column": 28 }, "end": { "line": 142, "column": 51 } },
        "type": "binary-expr",
        "locations": [
          { "start": { "line": 142, "column": 28 }, "end": { "line": 142, "column": 46 } },
          { "start": { "line": 142, "column": 50 }, "end": { "line": 142, "column": 51 } }
        ],
        "line": 142
      },
      "17": {
        "loc": { "start": { "line": 143, "column": 6 }, "end": { "line": 146, "column": 7 } },
        "type": "if",
        "locations": [
          { "start": { "line": 143, "column": 6 }, "end": { "line": 146, "column": 7 } },
          { "start": {}, "end": {} }
        ],
        "line": 143
      },
      "18": {
        "loc": { "start": { "line": 149, "column": 22 }, "end": { "line": 151, "column": 42 } },
        "type": "cond-expr",
        "locations": [
          { "start": { "line": 150, "column": 10 }, "end": { "line": 150, "column": 82 } },
          { "start": { "line": 151, "column": 10 }, "end": { "line": 151, "column": 42 } }
        ],
        "line": 149
      },
      "19": {
        "loc": { "start": { "line": 152, "column": 21 }, "end": { "line": 152, "column": 39 } },
        "type": "cond-expr",
        "locations": [
          { "start": { "line": 152, "column": 30 }, "end": { "line": 152, "column": 33 } },
          { "start": { "line": 152, "column": 36 }, "end": { "line": 152, "column": 39 } }
        ],
        "line": 152
      },
      "20": {
        "loc": { "start": { "line": 181, "column": 25 }, "end": { "line": 181, "column": 46 } },
        "type": "binary-expr",
        "locations": [
          { "start": { "line": 181, "column": 25 }, "end": { "line": 181, "column": 40 } },
          { "start": { "line": 181, "column": 44 }, "end": { "line": 181, "column": 46 } }
        ],
        "line": 181
      },
      "21": {
        "loc": { "start": { "line": 184, "column": 4 }, "end": { "line": 184, "column": 80 } },
        "type": "if",
        "locations": [
          { "start": { "line": 184, "column": 4 }, "end": { "line": 184, "column": 80 } },
          { "start": {}, "end": {} }
        ],
        "line": 184
      },
      "22": {
        "loc": { "start": { "line": 189, "column": 4 }, "end": { "line": 189, "column": 72 } },
        "type": "if",
        "locations": [
          { "start": { "line": 189, "column": 4 }, "end": { "line": 189, "column": 72 } },
          { "start": {}, "end": {} }
        ],
        "line": 189
      },
      "23": {
        "loc": { "start": { "line": 200, "column": 6 }, "end": { "line": 202, "column": 29 } },
        "type": "binary-expr",
        "locations": [
          { "start": { "line": 200, "column": 6 }, "end": { "line": 200, "column": 25 } },
          { "start": { "line": 201, "column": 6 }, "end": { "line": 201, "column": 30 } },
          { "start": { "line": 202, "column": 6 }, "end": { "line": 202, "column": 29 } }
        ],
        "line": 200
      },
      "24": {
        "loc": { "start": { "line": 225, "column": 32 }, "end": { "line": 225, "column": 46 } },
        "type": "binary-expr",
        "locations": [
          { "start": { "line": 225, "column": 32 }, "end": { "line": 225, "column": 40 } },
          { "start": { "line": 225, "column": 44 }, "end": { "line": 225, "column": 46 } }
        ],
        "line": 225
      },
      "25": {
        "loc": { "start": { "line": 226, "column": 4 }, "end": { "line": 227, "column": 80 } },
        "type": "if",
        "locations": [
          { "start": { "line": 226, "column": 4 }, "end": { "line": 227, "column": 80 } },
          { "start": {}, "end": {} }
        ],
        "line": 226
      },
      "26": {
        "loc": { "start": { "line": 226, "column": 8 }, "end": { "line": 226, "column": 27 } },
        "type": "binary-expr",
        "locations": [
          { "start": { "line": 226, "column": 8 }, "end": { "line": 226, "column": 14 } },
          { "start": { "line": 226, "column": 18 }, "end": { "line": 226, "column": 27 } }
        ],
        "line": 226
      },
      "27": {
        "loc": { "start": { "line": 235, "column": 4 }, "end": { "line": 235, "column": 94 } },
        "type": "if",
        "locations": [
          { "start": { "line": 235, "column": 4 }, "end": { "line": 235, "column": 94 } },
          { "start": {}, "end": {} }
        ],
        "line": 235
      },
      "28": {
        "loc": { "start": { "line": 264, "column": 4 }, "end": { "line": 266, "column": 5 } },
        "type": "if",
        "locations": [
          { "start": { "line": 264, "column": 4 }, "end": { "line": 266, "column": 5 } },
          { "start": {}, "end": {} }
        ],
        "line": 264
      },
      "29": {
        "loc": { "start": { "line": 264, "column": 8 }, "end": { "line": 264, "column": 59 } },
        "type": "binary-expr",
        "locations": [
          { "start": { "line": 264, "column": 8 }, "end": { "line": 264, "column": 13 } },
          { "start": { "line": 264, "column": 17 }, "end": { "line": 264, "column": 26 } },
          { "start": { "line": 264, "column": 30 }, "end": { "line": 264, "column": 37 } },
          { "start": { "line": 264, "column": 41 }, "end": { "line": 264, "column": 47 } },
          { "start": { "line": 264, "column": 51 }, "end": { "line": 264, "column": 59 } }
        ],
        "line": 264
      },
      "30": {
        "loc": { "start": { "line": 269, "column": 4 }, "end": { "line": 271, "column": 5 } },
        "type": "if",
        "locations": [
          { "start": { "line": 269, "column": 4 }, "end": { "line": 271, "column": 5 } },
          { "start": {}, "end": {} }
        ],
        "line": 269
      },
      "31": {
        "loc": { "start": { "line": 273, "column": 4 }, "end": { "line": 273, "column": 31 } },
        "type": "if",
        "locations": [
          { "start": { "line": 273, "column": 4 }, "end": { "line": 273, "column": 31 } },
          { "start": {}, "end": {} }
        ],
        "line": 273
      },
      "32": {
        "loc": { "start": { "line": 274, "column": 4 }, "end": { "line": 274, "column": 43 } },
        "type": "if",
        "locations": [
          { "start": { "line": 274, "column": 4 }, "end": { "line": 274, "column": 43 } },
          { "start": {}, "end": {} }
        ],
        "line": 274
      },
      "33": {
        "loc": { "start": { "line": 275, "column": 4 }, "end": { "line": 275, "column": 37 } },
        "type": "if",
        "locations": [
          { "start": { "line": 275, "column": 4 }, "end": { "line": 275, "column": 37 } },
          { "start": {}, "end": {} }
        ],
        "line": 275
      },
      "34": {
        "loc": { "start": { "line": 276, "column": 4 }, "end": { "line": 284, "column": 5 } },
        "type": "if",
        "locations": [
          { "start": { "line": 276, "column": 4 }, "end": { "line": 284, "column": 5 } },
          { "start": {}, "end": {} }
        ],
        "line": 276
      },
      "35": {
        "loc": { "start": { "line": 278, "column": 6 }, "end": { "line": 282, "column": 7 } },
        "type": "if",
        "locations": [
          { "start": { "line": 278, "column": 6 }, "end": { "line": 282, "column": 7 } },
          { "start": {}, "end": {} }
        ],
        "line": 278
      },
      "36": {
        "loc": { "start": { "line": 278, "column": 10 }, "end": { "line": 278, "column": 48 } },
        "type": "binary-expr",
        "locations": [
          { "start": { "line": 278, "column": 10 }, "end": { "line": 278, "column": 18 } },
          { "start": { "line": 278, "column": 22 }, "end": { "line": 278, "column": 48 } }
        ],
        "line": 278
      },
      "37": {
        "loc": { "start": { "line": 285, "column": 4 }, "end": { "line": 285, "column": 54 } },
        "type": "if",
        "locations": [
          { "start": { "line": 285, "column": 4 }, "end": { "line": 285, "column": 54 } },
          { "start": {}, "end": {} }
        ],
        "line": 285
      },
      "38": {
        "loc": { "start": { "line": 305, "column": 4 }, "end": { "line": 305, "column": 78 } },
        "type": "if",
        "locations": [
          { "start": { "line": 305, "column": 4 }, "end": { "line": 305, "column": 78 } },
          { "start": {}, "end": {} }
        ],
        "line": 305
      },
      "39": {
        "loc": { "start": { "line": 311, "column": 4 }, "end": { "line": 311, "column": 89 } },
        "type": "if",
        "locations": [
          { "start": { "line": 311, "column": 4 }, "end": { "line": 311, "column": 89 } },
          { "start": {}, "end": {} }
        ],
        "line": 311
      },
      "40": {
        "loc": { "start": { "line": 315, "column": 4 }, "end": { "line": 317, "column": 5 } },
        "type": "if",
        "locations": [
          { "start": { "line": 315, "column": 4 }, "end": { "line": 317, "column": 5 } },
          { "start": {}, "end": {} }
        ],
        "line": 315
      },
      "41": {
        "loc": { "start": { "line": 315, "column": 8 }, "end": { "line": 315, "column": 39 } },
        "type": "binary-expr",
        "locations": [
          { "start": { "line": 315, "column": 8 }, "end": { "line": 315, "column": 12 } },
          { "start": { "line": 315, "column": 16 }, "end": { "line": 315, "column": 39 } }
        ],
        "line": 315
      },
      "42": {
        "loc": { "start": { "line": 319, "column": 4 }, "end": { "line": 340, "column": 5 } },
        "type": "if",
        "locations": [
          { "start": { "line": 319, "column": 4 }, "end": { "line": 340, "column": 5 } },
          { "start": { "line": 328, "column": 11 }, "end": { "line": 340, "column": 5 } }
        ],
        "line": 319
      },
      "43": {
        "loc": { "start": { "line": 322, "column": 14 }, "end": { "line": 322, "column": 36 } },
        "type": "binary-expr",
        "locations": [
          { "start": { "line": 322, "column": 14 }, "end": { "line": 322, "column": 27 } },
          { "start": { "line": 322, "column": 31 }, "end": { "line": 322, "column": 36 } }
        ],
        "line": 322
      },
      "44": {
        "loc": { "start": { "line": 331, "column": 6 }, "end": { "line": 334, "column": 7 } },
        "type": "if",
        "locations": [
          { "start": { "line": 331, "column": 6 }, "end": { "line": 334, "column": 7 } },
          { "start": {}, "end": {} }
        ],
        "line": 331
      },
      "45": {
        "loc": { "start": { "line": 331, "column": 10 }, "end": { "line": 331, "column": 42 } },
        "type": "binary-expr",
        "locations": [
          { "start": { "line": 331, "column": 10 }, "end": { "line": 331, "column": 22 } },
          { "start": { "line": 331, "column": 26 }, "end": { "line": 331, "column": 42 } }
        ],
        "line": 331
      },
      "46": {
        "loc": { "start": { "line": 335, "column": 6 }, "end": { "line": 338, "column": 7 } },
        "type": "if",
        "locations": [
          { "start": { "line": 335, "column": 6 }, "end": { "line": 338, "column": 7 } },
          { "start": {}, "end": {} }
        ],
        "line": 335
      },
      "47": {
        "loc": { "start": { "line": 335, "column": 10 }, "end": { "line": 335, "column": 37 } },
        "type": "binary-expr",
        "locations": [
          { "start": { "line": 335, "column": 10 }, "end": { "line": 335, "column": 20 } },
          { "start": { "line": 335, "column": 24 }, "end": { "line": 335, "column": 37 } }
        ],
        "line": 335
      },
      "48": {
        "loc": { "start": { "line": 339, "column": 6 }, "end": { "line": 339, "column": 37 } },
        "type": "if",
        "locations": [
          { "start": { "line": 339, "column": 6 }, "end": { "line": 339, "column": 37 } },
          { "start": {}, "end": {} }
        ],
        "line": 339
      },
      "49": {
        "loc": { "start": { "line": 359, "column": 13 }, "end": { "line": 359, "column": 46 } },
        "type": "binary-expr",
        "locations": [
          { "start": { "line": 359, "column": 13 }, "end": { "line": 359, "column": 26 } },
          { "start": { "line": 359, "column": 30 }, "end": { "line": 359, "column": 46 } }
        ],
        "line": 359
      }
    },
    "s": {
      "0": 1,
      "1": 1,
      "2": 0,
      "3": 0,
      "4": 0,
      "5": 0,
      "6": 0,
      "7": 0,
      "8": 0,
      "9": 0,
      "10": 0,
      "11": 0,
      "12": 0,
      "13": 0,
      "14": 1,
      "15": 0,
      "16": 0,
      "17": 0,
      "18": 0,
      "19": 0,
      "20": 0,
      "21": 0,
      "22": 0,
      "23": 0,
      "24": 0,
      "25": 0,
      "26": 0,
      "27": 0,
      "28": 1,
      "29": 1,
      "30": 1,
      "31": 1,
      "32": 1,
      "33": 1,
      "34": 0,
      "35": 1,
      "36": 0,
      "37": 1,
      "38": 1,
      "39": 1,
      "40": 0,
      "41": 1,
      "42": 1,
      "43": 1,
      "44": 1,
      "45": 1,
      "46": 1,
      "47": 0,
      "48": 0,
      "49": 0,
      "50": 0,
      "51": 0,
      "52": 0,
      "53": 0,
      "54": 0,
      "55": 0,
      "56": 0,
      "57": 0,
      "58": 0,
      "59": 0,
      "60": 0,
      "61": 0,
      "62": 0,
      "63": 0,
      "64": 0,
      "65": 0,
      "66": 0,
      "67": 0,
      "68": 0,
      "69": 0,
      "70": 1,
      "71": 0,
      "72": 0,
      "73": 0,
      "74": 0,
      "75": 0,
      "76": 0,
      "77": 0,
      "78": 0,
      "79": 0,
      "80": 0,
      "81": 0,
      "82": 0,
      "83": 0,
      "84": 0,
      "85": 0,
      "86": 0,
      "87": 0,
      "88": 0,
      "89": 0,
      "90": 0,
      "91": 0,
      "92": 1,
      "93": 0,
      "94": 0,
      "95": 0,
      "96": 0,
      "97": 0,
      "98": 0,
      "99": 0,
      "100": 0,
      "101": 0,
      "102": 0,
      "103": 0,
      "104": 0,
      "105": 0,
      "106": 0,
      "107": 0,
      "108": 0,
      "109": 1,
      "110": 0,
      "111": 1,
      "112": 0,
      "113": 1,
      "114": 0,
      "115": 0,
      "116": 0,
      "117": 0,
      "118": 0,
      "119": 0,
      "120": 0,
      "121": 0,
      "122": 0,
      "123": 0,
      "124": 0,
      "125": 0,
      "126": 0,
      "127": 0,
      "128": 0,
      "129": 0,
      "130": 0,
      "131": 0,
      "132": 0,
      "133": 0,
      "134": 0,
      "135": 0,
      "136": 0,
      "137": 0,
      "138": 1,
      "139": 0,
      "140": 0,
      "141": 0,
      "142": 0,
      "143": 0,
      "144": 0,
      "145": 0,
      "146": 0,
      "147": 0,
      "148": 0,
      "149": 0,
      "150": 0,
      "151": 0,
      "152": 0,
      "153": 0,
      "154": 0,
      "155": 0,
      "156": 0,
      "157": 0,
      "158": 0,
      "159": 0,
      "160": 0,
      "161": 0,
      "162": 0,
      "163": 0,
      "164": 0,
      "165": 0,
      "166": 0
    },
    "f": { "0": 0, "1": 0, "2": 1, "3": 1, "4": 0, "5": 0, "6": 0, "7": 0, "8": 0, "9": 0 },
    "b": {
      "0": [0, 0],
      "1": [0, 0],
      "2": [0, 0],
      "3": [0, 0],
      "4": [0, 0],
      "5": [0, 0],
      "6": [0, 0],
      "7": [0, 0],
      "8": [0, 1],
      "9": [0, 1],
      "10": [1, 1],
      "11": [1, 0],
      "12": [0, 0],
      "13": [0, 0],
      "14": [0, 0],
      "15": [0, 0],
      "16": [0, 0],
      "17": [0, 0],
      "18": [0, 0],
      "19": [0, 0],
      "20": [0, 0],
      "21": [0, 0],
      "22": [0, 0],
      "23": [0, 0, 0],
      "24": [0, 0],
      "25": [0, 0],
      "26": [0, 0],
      "27": [0, 0],
      "28": [0, 0],
      "29": [0, 0, 0, 0, 0],
      "30": [0, 0],
      "31": [0, 0],
      "32": [0, 0],
      "33": [0, 0],
      "34": [0, 0],
      "35": [0, 0],
      "36": [0, 0],
      "37": [0, 0],
      "38": [0, 0],
      "39": [0, 0],
      "40": [0, 0],
      "41": [0, 0],
      "42": [0, 0],
      "43": [0, 0],
      "44": [0, 0],
      "45": [0, 0],
      "46": [0, 0],
      "47": [0, 0],
      "48": [0, 0],
      "49": [0, 0]
    },
    "inputSourceMap": null,
    "_coverageSchema": "1a1c01bbd47fc00a2c39e90264f33305004495a9",
    "hash": "c489738c60ea3bcb6d512c10a776b92919653c95"
  },
  "D:\\web\\jewelry_store\\jewelry-project\\back-end\\src\\controllers\\couponController.js": {
    "path": "D:\\web\\jewelry_store\\jewelry-project\\back-end\\src\\controllers\\couponController.js",
    "statementMap": {
      "0": { "start": { "line": 3, "column": 25 }, "end": { "line": 22, "column": 1 } },
      "1": { "start": { "line": 4, "column": 19 }, "end": { "line": 7, "column": 3 } },
      "2": { "start": { "line": 5, "column": 14 }, "end": { "line": 5, "column": 23 } },
      "3": { "start": { "line": 6, "column": 4 }, "end": { "line": 6, "column": 37 } },
      "4": { "start": { "line": 9, "column": 2 }, "end": { "line": 21, "column": 4 } },
      "5": { "start": { "line": 24, "column": 24 }, "end": { "line": 33, "column": 1 } },
      "6": { "start": { "line": 25, "column": 2 }, "end": { "line": 25, "column": 54 } },
      "7": { "start": { "line": 25, "column": 45 }, "end": { "line": 25, "column": 54 } },
      "8": { "start": { "line": 27, "column": 4 }, "end": { "line": 29, "column": 54 } },
      "9": { "start": { "line": 31, "column": 4 }, "end": { "line": 31, "column": 92 } },
      "10": { "start": { "line": 32, "column": 2 }, "end": { "line": 32, "column": 49 } },
      "11": { "start": { "line": 35, "column": 30 }, "end": { "line": 72, "column": 1 } },
      "12": { "start": { "line": 36, "column": 2 }, "end": { "line": 71, "column": 3 } },
      "13": { "start": { "line": 37, "column": 17 }, "end": { "line": 39, "column": 20 } },
      "14": { "start": { "line": 40, "column": 21 }, "end": { "line": 40, "column": 51 } },
      "15": { "start": { "line": 41, "column": 4 }, "end": { "line": 43, "column": 5 } },
      "16": { "start": { "line": 42, "column": 6 }, "end": { "line": 42, "column": 76 } },
      "17": { "start": { "line": 44, "column": 19 }, "end": { "line": 44, "column": 49 } },
      "18": { "start": { "line": 45, "column": 4 }, "end": { "line": 47, "column": 5 } },
      "19": { "start": { "line": 46, "column": 6 }, "end": { "line": 46, "column": 76 } },
      "20": { "start": { "line": 48, "column": 16 }, "end": { "line": 48, "column": 26 } },
      "21": { "start": { "line": 49, "column": 4 }, "end": { "line": 49, "column": 82 } },
      "22": { "start": { "line": 49, "column": 24 }, "end": { "line": 49, "column": 82 } },
      "23": { "start": { "line": 50, "column": 4 }, "end": { "line": 51, "column": 75 } },
      "24": { "start": { "line": 51, "column": 6 }, "end": { "line": 51, "column": 75 } },
      "25": { "start": { "line": 52, "column": 4 }, "end": { "line": 53, "column": 64 } },
      "26": { "start": { "line": 53, "column": 6 }, "end": { "line": 53, "column": 64 } },
      "27": { "start": { "line": 54, "column": 4 }, "end": { "line": 56, "column": 5 } },
      "28": { "start": { "line": 55, "column": 6 }, "end": { "line": 55, "column": 73 } },
      "29": { "start": { "line": 57, "column": 4 }, "end": { "line": 61, "column": 5 } },
      "30": { "start": { "line": 58, "column": 6 }, "end": { "line": 60, "column": 81 } },
      "31": { "start": { "line": 63, "column": 21 }, "end": { "line": 63, "column": 54 } },
      "32": { "start": { "line": 64, "column": 4 }, "end": { "line": 68, "column": 7 } },
      "33": { "start": { "line": 70, "column": 4 }, "end": { "line": 70, "column": 94 } },
      "34": { "start": { "line": 74, "column": 27 }, "end": { "line": 81, "column": 1 } },
      "35": { "start": { "line": 75, "column": 2 }, "end": { "line": 80, "column": 3 } },
      "36": { "start": { "line": 76, "column": 20 }, "end": { "line": 76, "column": 65 } },
      "37": { "start": { "line": 77, "column": 4 }, "end": { "line": 77, "column": 34 } },
      "38": { "start": { "line": 79, "column": 4 }, "end": { "line": 79, "column": 99 } },
      "39": { "start": { "line": 83, "column": 28 }, "end": { "line": 100, "column": 1 } },
      "40": { "start": { "line": 84, "column": 2 }, "end": { "line": 99, "column": 3 } },
      "41": { "start": { "line": 85, "column": 20 }, "end": { "line": 85, "column": 46 } },
      "42": { "start": { "line": 86, "column": 4 }, "end": { "line": 88, "column": 5 } },
      "43": { "start": { "line": 87, "column": 6 }, "end": { "line": 87, "column": 82 } },
      "44": { "start": { "line": 90, "column": 19 }, "end": { "line": 90, "column": 63 } },
      "45": { "start": { "line": 91, "column": 4 }, "end": { "line": 93, "column": 5 } },
      "46": { "start": { "line": 92, "column": 6 }, "end": { "line": 92, "column": 73 } },
      "47": { "start": { "line": 95, "column": 19 }, "end": { "line": 95, "column": 68 } },
      "48": { "start": { "line": 96, "column": 4 }, "end": { "line": 96, "column": 33 } },
      "49": { "start": { "line": 98, "column": 4 }, "end": { "line": 98, "column": 89 } },
      "50": { "start": { "line": 102, "column": 28 }, "end": { "line": 128, "column": 1 } },
      "51": { "start": { "line": 103, "column": 2 }, "end": { "line": 127, "column": 3 } },
      "52": { "start": { "line": 104, "column": 20 }, "end": { "line": 104, "column": 46 } },
      "53": { "start": { "line": 105, "column": 4 }, "end": { "line": 107, "column": 5 } },
      "54": { "start": { "line": 106, "column": 6 }, "end": { "line": 106, "column": 82 } },
      "55": { "start": { "line": 109, "column": 16 }, "end": { "line": 109, "column": 89 } },
      "56": { "start": { "line": 110, "column": 4 }, "end": { "line": 112, "column": 5 } },
      "57": { "start": { "line": 111, "column": 6 }, "end": { "line": 111, "column": 73 } },
      "58": { "start": { "line": 114, "column": 19 }, "end": { "line": 118, "column": 5 } },
      "59": { "start": { "line": 120, "column": 4 }, "end": { "line": 122, "column": 5 } },
      "60": { "start": { "line": 121, "column": 6 }, "end": { "line": 121, "column": 77 } },
      "61": { "start": { "line": 124, "column": 4 }, "end": { "line": 124, "column": 33 } },
      "62": { "start": { "line": 126, "column": 4 }, "end": { "line": 126, "column": 94 } },
      "63": { "start": { "line": 130, "column": 28 }, "end": { "line": 140, "column": 1 } },
      "64": { "start": { "line": 131, "column": 2 }, "end": { "line": 139, "column": 3 } },
      "65": { "start": { "line": 132, "column": 20 }, "end": { "line": 132, "column": 65 } },
      "66": { "start": { "line": 133, "column": 4 }, "end": { "line": 135, "column": 5 } },
      "67": { "start": { "line": 134, "column": 6 }, "end": { "line": 134, "column": 77 } },
      "68": { "start": { "line": 136, "column": 4 }, "end": { "line": 136, "column": 60 } },
      "69": { "start": { "line": 138, "column": 4 }, "end": { "line": 138, "column": 89 } },
      "70": { "start": { "line": 142, "column": 37 }, "end": { "line": 142, "column": 52 } }
    },
    "fnMap": {
      "0": {
        "name": "(anonymous_0)",
        "decl": { "start": { "line": 3, "column": 25 }, "end": { "line": 3, "column": 26 } },
        "loc": { "start": { "line": 3, "column": 40 }, "end": { "line": 22, "column": 1 } },
        "line": 3
      },
      "1": {
        "name": "(anonymous_1)",
        "decl": { "start": { "line": 4, "column": 19 }, "end": { "line": 4, "column": 20 } },
        "loc": { "start": { "line": 4, "column": 35 }, "end": { "line": 7, "column": 3 } },
        "line": 4
      },
      "2": {
        "name": "(anonymous_2)",
        "decl": { "start": { "line": 24, "column": 24 }, "end": { "line": 24, "column": 25 } },
        "loc": { "start": { "line": 24, "column": 46 }, "end": { "line": 33, "column": 1 } },
        "line": 24
      },
      "3": {
        "name": "(anonymous_3)",
        "decl": { "start": { "line": 35, "column": 30 }, "end": { "line": 35, "column": 31 } },
        "loc": { "start": { "line": 35, "column": 50 }, "end": { "line": 72, "column": 1 } },
        "line": 35
      },
      "4": {
        "name": "(anonymous_4)",
        "decl": { "start": { "line": 74, "column": 27 }, "end": { "line": 74, "column": 28 } },
        "loc": { "start": { "line": 74, "column": 48 }, "end": { "line": 81, "column": 1 } },
        "line": 74
      },
      "5": {
        "name": "(anonymous_5)",
        "decl": { "start": { "line": 83, "column": 28 }, "end": { "line": 83, "column": 29 } },
        "loc": { "start": { "line": 83, "column": 48 }, "end": { "line": 100, "column": 1 } },
        "line": 83
      },
      "6": {
        "name": "(anonymous_6)",
        "decl": { "start": { "line": 102, "column": 28 }, "end": { "line": 102, "column": 29 } },
        "loc": { "start": { "line": 102, "column": 48 }, "end": { "line": 128, "column": 1 } },
        "line": 102
      },
      "7": {
        "name": "(anonymous_7)",
        "decl": { "start": { "line": 130, "column": 28 }, "end": { "line": 130, "column": 29 } },
        "loc": { "start": { "line": 130, "column": 48 }, "end": { "line": 140, "column": 1 } },
        "line": 130
      }
    },
    "branchMap": {
      "0": {
        "loc": { "start": { "line": 3, "column": 26 }, "end": { "line": 3, "column": 35 } },
        "type": "default-arg",
        "locations": [{ "start": { "line": 3, "column": 33 }, "end": { "line": 3, "column": 35 } }],
        "line": 3
      },
      "1": {
        "loc": { "start": { "line": 4, "column": 23 }, "end": { "line": 4, "column": 30 } },
        "type": "default-arg",
        "locations": [{ "start": { "line": 4, "column": 29 }, "end": { "line": 4, "column": 30 } }],
        "line": 4
      },
      "2": {
        "loc": { "start": { "line": 6, "column": 11 }, "end": { "line": 6, "column": 36 } },
        "type": "cond-expr",
        "locations": [
          { "start": { "line": 6, "column": 29 }, "end": { "line": 6, "column": 32 } },
          { "start": { "line": 6, "column": 35 }, "end": { "line": 6, "column": 36 } }
        ],
        "line": 6
      },
      "3": {
        "loc": { "start": { "line": 10, "column": 17 }, "end": { "line": 10, "column": 32 } },
        "type": "binary-expr",
        "locations": [
          { "start": { "line": 10, "column": 17 }, "end": { "line": 10, "column": 26 } },
          { "start": { "line": 10, "column": 30 }, "end": { "line": 10, "column": 32 } }
        ],
        "line": 10
      },
      "4": {
        "loc": { "start": { "line": 13, "column": 10 }, "end": { "line": 13, "column": 74 } },
        "type": "cond-expr",
        "locations": [
          { "start": { "line": 13, "column": 53 }, "end": { "line": 13, "column": 62 } },
          { "start": { "line": 13, "column": 65 }, "end": { "line": 13, "column": 74 } }
        ],
        "line": 13
      },
      "5": {
        "loc": { "start": { "line": 15, "column": 15 }, "end": { "line": 15, "column": 68 } },
        "type": "cond-expr",
        "locations": [
          { "start": { "line": 15, "column": 32 }, "end": { "line": 15, "column": 56 } },
          { "start": { "line": 15, "column": 59 }, "end": { "line": 15, "column": 68 } }
        ],
        "line": 15
      },
      "6": {
        "loc": { "start": { "line": 16, "column": 13 }, "end": { "line": 16, "column": 62 } },
        "type": "cond-expr",
        "locations": [
          { "start": { "line": 16, "column": 28 }, "end": { "line": 16, "column": 50 } },
          { "start": { "line": 16, "column": 53 }, "end": { "line": 16, "column": 62 } }
        ],
        "line": 16
      },
      "7": {
        "loc": { "start": { "line": 25, "column": 2 }, "end": { "line": 25, "column": 54 } },
        "type": "if",
        "locations": [
          { "start": { "line": 25, "column": 2 }, "end": { "line": 25, "column": 54 } },
          { "start": {}, "end": {} }
        ],
        "line": 25
      },
      "8": {
        "loc": { "start": { "line": 25, "column": 6 }, "end": { "line": 25, "column": 43 } },
        "type": "binary-expr",
        "locations": [
          { "start": { "line": 25, "column": 6 }, "end": { "line": 25, "column": 13 } },
          { "start": { "line": 25, "column": 17 }, "end": { "line": 25, "column": 26 } },
          { "start": { "line": 25, "column": 30 }, "end": { "line": 25, "column": 43 } }
        ],
        "line": 25
      },
      "9": {
        "loc": { "start": { "line": 27, "column": 4 }, "end": { "line": 29, "column": 54 } },
        "type": "cond-expr",
        "locations": [
          { "start": { "line": 28, "column": 8 }, "end": { "line": 28, "column": 33 } },
          { "start": { "line": 29, "column": 8 }, "end": { "line": 29, "column": 54 } }
        ],
        "line": 27
      },
      "10": {
        "loc": { "start": { "line": 28, "column": 8 }, "end": { "line": 28, "column": 33 } },
        "type": "binary-expr",
        "locations": [
          { "start": { "line": 28, "column": 8 }, "end": { "line": 28, "column": 28 } },
          { "start": { "line": 28, "column": 32 }, "end": { "line": 28, "column": 33 } }
        ],
        "line": 28
      },
      "11": {
        "loc": { "start": { "line": 29, "column": 10 }, "end": { "line": 29, "column": 35 } },
        "type": "binary-expr",
        "locations": [
          { "start": { "line": 29, "column": 10 }, "end": { "line": 29, "column": 30 } },
          { "start": { "line": 29, "column": 34 }, "end": { "line": 29, "column": 35 } }
        ],
        "line": 29
      },
      "12": {
        "loc": { "start": { "line": 31, "column": 4 }, "end": { "line": 31, "column": 92 } },
        "type": "cond-expr",
        "locations": [
          { "start": { "line": 31, "column": 51 }, "end": { "line": 31, "column": 85 } },
          { "start": { "line": 31, "column": 88 }, "end": { "line": 31, "column": 92 } }
        ],
        "line": 31
      },
      "13": {
        "loc": { "start": { "line": 31, "column": 4 }, "end": { "line": 31, "column": 48 } },
        "type": "binary-expr",
        "locations": [
          { "start": { "line": 31, "column": 4 }, "end": { "line": 31, "column": 22 } },
          { "start": { "line": 31, "column": 26 }, "end": { "line": 31, "column": 48 } }
        ],
        "line": 31
      },
      "14": {
        "loc": { "start": { "line": 37, "column": 24 }, "end": { "line": 37, "column": 43 } },
        "type": "binary-expr",
        "locations": [
          { "start": { "line": 37, "column": 24 }, "end": { "line": 37, "column": 37 } },
          { "start": { "line": 37, "column": 41 }, "end": { "line": 37, "column": 43 } }
        ],
        "line": 37
      },
      "15": {
        "loc": { "start": { "line": 40, "column": 21 }, "end": { "line": 40, "column": 51 } },
        "type": "binary-expr",
        "locations": [
          { "start": { "line": 40, "column": 21 }, "end": { "line": 40, "column": 46 } },
          { "start": { "line": 40, "column": 50 }, "end": { "line": 40, "column": 51 } }
        ],
        "line": 40
      },
      "16": {
        "loc": { "start": { "line": 41, "column": 4 }, "end": { "line": 43, "column": 5 } },
        "type": "if",
        "locations": [
          { "start": { "line": 41, "column": 4 }, "end": { "line": 43, "column": 5 } },
          { "start": {}, "end": {} }
        ],
        "line": 41
      },
      "17": {
        "loc": { "start": { "line": 45, "column": 4 }, "end": { "line": 47, "column": 5 } },
        "type": "if",
        "locations": [
          { "start": { "line": 45, "column": 4 }, "end": { "line": 47, "column": 5 } },
          { "start": {}, "end": {} }
        ],
        "line": 45
      },
      "18": {
        "loc": { "start": { "line": 49, "column": 4 }, "end": { "line": 49, "column": 82 } },
        "type": "if",
        "locations": [
          { "start": { "line": 49, "column": 4 }, "end": { "line": 49, "column": 82 } },
          { "start": {}, "end": {} }
        ],
        "line": 49
      },
      "19": {
        "loc": { "start": { "line": 50, "column": 4 }, "end": { "line": 51, "column": 75 } },
        "type": "if",
        "locations": [
          { "start": { "line": 50, "column": 4 }, "end": { "line": 51, "column": 75 } },
          { "start": {}, "end": {} }
        ],
        "line": 50
      },
      "20": {
        "loc": { "start": { "line": 50, "column": 8 }, "end": { "line": 50, "column": 50 } },
        "type": "binary-expr",
        "locations": [
          { "start": { "line": 50, "column": 8 }, "end": { "line": 50, "column": 24 } },
          { "start": { "line": 50, "column": 28 }, "end": { "line": 50, "column": 50 } }
        ],
        "line": 50
      },
      "21": {
        "loc": { "start": { "line": 52, "column": 4 }, "end": { "line": 53, "column": 64 } },
        "type": "if",
        "locations": [
          { "start": { "line": 52, "column": 4 }, "end": { "line": 53, "column": 64 } },
          { "start": {}, "end": {} }
        ],
        "line": 52
      },
      "22": {
        "loc": { "start": { "line": 52, "column": 8 }, "end": { "line": 52, "column": 46 } },
        "type": "binary-expr",
        "locations": [
          { "start": { "line": 52, "column": 8 }, "end": { "line": 52, "column": 22 } },
          { "start": { "line": 52, "column": 26 }, "end": { "line": 52, "column": 46 } }
        ],
        "line": 52
      },
      "23": {
        "loc": { "start": { "line": 54, "column": 4 }, "end": { "line": 56, "column": 5 } },
        "type": "if",
        "locations": [
          { "start": { "line": 54, "column": 4 }, "end": { "line": 56, "column": 5 } },
          { "start": {}, "end": {} }
        ],
        "line": 54
      },
      "24": {
        "loc": { "start": { "line": 54, "column": 8 }, "end": { "line": 54, "column": 70 } },
        "type": "binary-expr",
        "locations": [
          { "start": { "line": 54, "column": 8 }, "end": { "line": 54, "column": 29 } },
          { "start": { "line": 54, "column": 33 }, "end": { "line": 54, "column": 70 } }
        ],
        "line": 54
      },
      "25": {
        "loc": { "start": { "line": 57, "column": 4 }, "end": { "line": 61, "column": 5 } },
        "type": "if",
        "locations": [
          { "start": { "line": 57, "column": 4 }, "end": { "line": 61, "column": 5 } },
          { "start": {}, "end": {} }
        ],
        "line": 57
      },
      "26": {
        "loc": { "start": { "line": 57, "column": 20 }, "end": { "line": 57, "column": 40 } },
        "type": "binary-expr",
        "locations": [
          { "start": { "line": 57, "column": 20 }, "end": { "line": 57, "column": 35 } },
          { "start": { "line": 57, "column": 39 }, "end": { "line": 57, "column": 40 } }
        ],
        "line": 57
      },
      "27": {
        "loc": { "start": { "line": 60, "column": 51 }, "end": { "line": 60, "column": 71 } },
        "type": "binary-expr",
        "locations": [
          { "start": { "line": 60, "column": 51 }, "end": { "line": 60, "column": 66 } },
          { "start": { "line": 60, "column": 70 }, "end": { "line": 60, "column": 71 } }
        ],
        "line": 60
      },
      "28": {
        "loc": { "start": { "line": 86, "column": 4 }, "end": { "line": 88, "column": 5 } },
        "type": "if",
        "locations": [
          { "start": { "line": 86, "column": 4 }, "end": { "line": 88, "column": 5 } },
          { "start": {}, "end": {} }
        ],
        "line": 86
      },
      "29": {
        "loc": { "start": { "line": 91, "column": 4 }, "end": { "line": 93, "column": 5 } },
        "type": "if",
        "locations": [
          { "start": { "line": 91, "column": 4 }, "end": { "line": 93, "column": 5 } },
          { "start": {}, "end": {} }
        ],
        "line": 91
      },
      "30": {
        "loc": { "start": { "line": 105, "column": 4 }, "end": { "line": 107, "column": 5 } },
        "type": "if",
        "locations": [
          { "start": { "line": 105, "column": 4 }, "end": { "line": 107, "column": 5 } },
          { "start": {}, "end": {} }
        ],
        "line": 105
      },
      "31": {
        "loc": { "start": { "line": 110, "column": 4 }, "end": { "line": 112, "column": 5 } },
        "type": "if",
        "locations": [
          { "start": { "line": 110, "column": 4 }, "end": { "line": 112, "column": 5 } },
          { "start": {}, "end": {} }
        ],
        "line": 110
      },
      "32": {
        "loc": { "start": { "line": 120, "column": 4 }, "end": { "line": 122, "column": 5 } },
        "type": "if",
        "locations": [
          { "start": { "line": 120, "column": 4 }, "end": { "line": 122, "column": 5 } },
          { "start": {}, "end": {} }
        ],
        "line": 120
      },
      "33": {
        "loc": { "start": { "line": 133, "column": 4 }, "end": { "line": 135, "column": 5 } },
        "type": "if",
        "locations": [
          { "start": { "line": 133, "column": 4 }, "end": { "line": 135, "column": 5 } },
          { "start": {}, "end": {} }
        ],
        "line": 133
      }
    },
    "s": {
      "0": 1,
      "1": 0,
      "2": 0,
      "3": 0,
      "4": 0,
      "5": 1,
      "6": 8,
      "7": 3,
      "8": 5,
      "9": 5,
      "10": 5,
      "11": 1,
      "12": 0,
      "13": 0,
      "14": 0,
      "15": 0,
      "16": 0,
      "17": 0,
      "18": 0,
      "19": 0,
      "20": 0,
      "21": 0,
      "22": 0,
      "23": 0,
      "24": 0,
      "25": 0,
      "26": 0,
      "27": 0,
      "28": 0,
      "29": 0,
      "30": 0,
      "31": 0,
      "32": 0,
      "33": 0,
      "34": 1,
      "35": 0,
      "36": 0,
      "37": 0,
      "38": 0,
      "39": 1,
      "40": 0,
      "41": 0,
      "42": 0,
      "43": 0,
      "44": 0,
      "45": 0,
      "46": 0,
      "47": 0,
      "48": 0,
      "49": 0,
      "50": 1,
      "51": 0,
      "52": 0,
      "53": 0,
      "54": 0,
      "55": 0,
      "56": 0,
      "57": 0,
      "58": 0,
      "59": 0,
      "60": 0,
      "61": 0,
      "62": 0,
      "63": 1,
      "64": 0,
      "65": 0,
      "66": 0,
      "67": 0,
      "68": 0,
      "69": 0,
      "70": 1
    },
    "f": { "0": 0, "1": 0, "2": 8, "3": 0, "4": 0, "5": 0, "6": 0, "7": 0 },
    "b": {
      "0": [0],
      "1": [0],
      "2": [0, 0],
      "3": [0, 0],
      "4": [0, 0],
      "5": [0, 0],
      "6": [0, 0],
      "7": [3, 5],
      "8": [8, 7, 6],
      "9": [2, 3],
      "10": [2, 0],
      "11": [3, 0],
      "12": [2, 3],
      "13": [5, 2],
      "14": [0, 0],
      "15": [0, 0],
      "16": [0, 0],
      "17": [0, 0],
      "18": [0, 0],
      "19": [0, 0],
      "20": [0, 0],
      "21": [0, 0],
      "22": [0, 0],
      "23": [0, 0],
      "24": [0, 0],
      "25": [0, 0],
      "26": [0, 0],
      "27": [0, 0],
      "28": [0, 0],
      "29": [0, 0],
      "30": [0, 0],
      "31": [0, 0],
      "32": [0, 0],
      "33": [0, 0]
    },
    "inputSourceMap": null,
    "_coverageSchema": "1a1c01bbd47fc00a2c39e90264f33305004495a9",
    "hash": "20dfc39cfdadf1e31e8fe9520452ed9b93a337a6"
  },
  "D:\\web\\jewelry_store\\jewelry-project\\back-end\\src\\models\\coupon.js": {
    "path": "D:\\web\\jewelry_store\\jewelry-project\\back-end\\src\\models\\coupon.js",
    "statementMap": {
      "0": { "start": { "line": 3, "column": 21 }, "end": { "line": 17, "column": 1 } },
      "1": { "start": { "line": 19, "column": 0 }, "end": { "line": 19, "column": 50 } },
      "2": { "start": { "line": 21, "column": 15 }, "end": { "line": 21, "column": 53 } }
    },
    "fnMap": {},
    "branchMap": {},
    "s": { "0": 1, "1": 1, "2": 1 },
    "f": {},
    "b": {},
    "inputSourceMap": null,
    "_coverageSchema": "1a1c01bbd47fc00a2c39e90264f33305004495a9",
    "hash": "e9ad65cb30e667e3df03b7328fbd782880683af8"
  },
  "D:\\web\\jewelry_store\\jewelry-project\\back-end\\src\\models\\user.js": {
    "path": "D:\\web\\jewelry_store\\jewelry-project\\back-end\\src\\models\\user.js",
    "statementMap": {
      "0": { "start": { "line": 5, "column": 19 }, "end": { "line": 31, "column": 1 } },
      "1": { "start": { "line": 34, "column": 0 }, "end": { "line": 43, "column": 3 } },
      "2": { "start": { "line": 35, "column": 2 }, "end": { "line": 35, "column": 50 } },
      "3": { "start": { "line": 35, "column": 36 }, "end": { "line": 35, "column": 50 } },
      "4": { "start": { "line": 36, "column": 2 }, "end": { "line": 42, "column": 3 } },
      "5": { "start": { "line": 37, "column": 17 }, "end": { "line": 37, "column": 41 } },
      "6": { "start": { "line": 38, "column": 4 }, "end": { "line": 38, "column": 59 } },
      "7": { "start": { "line": 39, "column": 4 }, "end": { "line": 39, "column": 11 } },
      "8": { "start": { "line": 41, "column": 4 }, "end": { "line": 41, "column": 16 } },
      "9": { "start": { "line": 46, "column": 0 }, "end": { "line": 48, "column": 2 } },
      "10": { "start": { "line": 47, "column": 2 }, "end": { "line": 47, "column": 50 } },
      "11": { "start": { "line": 50, "column": 13 }, "end": { "line": 50, "column": 47 } }
    },
    "fnMap": {
      "0": {
        "name": "hashPassword",
        "decl": { "start": { "line": 34, "column": 38 }, "end": { "line": 34, "column": 50 } },
        "loc": { "start": { "line": 34, "column": 57 }, "end": { "line": 43, "column": 1 } },
        "line": 34
      },
      "1": {
        "name": "matchPassword",
        "decl": { "start": { "line": 46, "column": 44 }, "end": { "line": 46, "column": 57 } },
        "loc": { "start": { "line": 46, "column": 69 }, "end": { "line": 48, "column": 1 } },
        "line": 46
      }
    },
    "branchMap": {
      "0": {
        "loc": { "start": { "line": 35, "column": 2 }, "end": { "line": 35, "column": 50 } },
        "type": "if",
        "locations": [
          { "start": { "line": 35, "column": 2 }, "end": { "line": 35, "column": 50 } },
          { "start": {}, "end": {} }
        ],
        "line": 35
      }
    },
    "s": {
      "0": 1,
      "1": 1,
      "2": 0,
      "3": 0,
      "4": 0,
      "5": 0,
      "6": 0,
      "7": 0,
      "8": 0,
      "9": 1,
      "10": 0,
      "11": 1
    },
    "f": { "0": 0, "1": 0 },
    "b": { "0": [0, 0] },
    "inputSourceMap": null,
    "_coverageSchema": "1a1c01bbd47fc00a2c39e90264f33305004495a9",
    "hash": "61ae9d9fea570483a4ad8c39f9b4746fbf9e14b0"
  },
  "D:\\web\\jewelry_store\\jewelry-project\\back-end\\src\\routes\\authRoutes.js": {
    "path": "D:\\web\\jewelry_store\\jewelry-project\\back-end\\src\\routes\\authRoutes.js",
    "statementMap": {
      "0": { "start": { "line": 15, "column": 15 }, "end": { "line": 15, "column": 31 } },
      "1": { "start": { "line": 18, "column": 0 }, "end": { "line": 18, "column": 39 } },
      "2": { "start": { "line": 21, "column": 0 }, "end": { "line": 21, "column": 64 } },
      "3": { "start": { "line": 22, "column": 0 }, "end": { "line": 22, "column": 29 } },
      "4": { "start": { "line": 23, "column": 0 }, "end": { "line": 23, "column": 36 } },
      "5": { "start": { "line": 24, "column": 0 }, "end": { "line": 24, "column": 39 } },
      "6": { "start": { "line": 25, "column": 0 }, "end": { "line": 25, "column": 37 } },
      "7": { "start": { "line": 26, "column": 0 }, "end": { "line": 26, "column": 40 } },
      "8": { "start": { "line": 27, "column": 0 }, "end": { "line": 27, "column": 44 } },
      "9": { "start": { "line": 28, "column": 0 }, "end": { "line": 28, "column": 49 } }
    },
    "fnMap": {},
    "branchMap": {},
    "s": { "0": 1, "1": 1, "2": 1, "3": 1, "4": 1, "5": 1, "6": 1, "7": 1, "8": 1, "9": 1 },
    "f": {},
    "b": {},
    "inputSourceMap": null,
    "_coverageSchema": "1a1c01bbd47fc00a2c39e90264f33305004495a9",
    "hash": "9e9dfe5fdae90f31b4c9490c6780f61e4e15a52f"
  },
  "D:\\web\\jewelry_store\\jewelry-project\\back-end\\src\\utils\\cartHelper.js": {
    "path": "D:\\web\\jewelry_store\\jewelry-project\\back-end\\src\\utils\\cartHelper.js",
    "statementMap": {
      "0": { "start": { "line": 1, "column": 33 }, "end": { "line": 4, "column": 1 } },
      "1": { "start": { "line": 2, "column": 2 }, "end": { "line": 2, "column": 38 } },
      "2": { "start": { "line": 2, "column": 29 }, "end": { "line": 2, "column": 38 } },
      "3": { "start": { "line": 3, "column": 2 }, "end": { "line": 3, "column": 98 } },
      "4": { "start": { "line": 3, "column": 35 }, "end": { "line": 3, "column": 93 } },
      "5": { "start": { "line": 6, "column": 30 }, "end": { "line": 11, "column": 1 } },
      "6": { "start": { "line": 7, "column": 12 }, "end": { "line": 7, "column": 33 } },
      "7": { "start": { "line": 8, "column": 12 }, "end": { "line": 8, "column": 36 } },
      "8": { "start": { "line": 9, "column": 12 }, "end": { "line": 9, "column": 33 } },
      "9": { "start": { "line": 10, "column": 2 }, "end": { "line": 10, "column": 32 } }
    },
    "fnMap": {
      "0": {
        "name": "(anonymous_0)",
        "decl": { "start": { "line": 1, "column": 33 }, "end": { "line": 1, "column": 34 } },
        "loc": { "start": { "line": 1, "column": 44 }, "end": { "line": 4, "column": 1 } },
        "line": 1
      },
      "1": {
        "name": "(anonymous_1)",
        "decl": { "start": { "line": 3, "column": 22 }, "end": { "line": 3, "column": 23 } },
        "loc": { "start": { "line": 3, "column": 35 }, "end": { "line": 3, "column": 93 } },
        "line": 3
      },
      "2": {
        "name": "(anonymous_2)",
        "decl": { "start": { "line": 6, "column": 30 }, "end": { "line": 6, "column": 31 } },
        "loc": { "start": { "line": 6, "column": 75 }, "end": { "line": 11, "column": 1 } },
        "line": 6
      }
    },
    "branchMap": {
      "0": {
        "loc": { "start": { "line": 2, "column": 2 }, "end": { "line": 2, "column": 38 } },
        "type": "if",
        "locations": [
          { "start": { "line": 2, "column": 2 }, "end": { "line": 2, "column": 38 } },
          { "start": {}, "end": {} }
        ],
        "line": 2
      },
      "1": {
        "loc": { "start": { "line": 3, "column": 42 }, "end": { "line": 3, "column": 63 } },
        "type": "binary-expr",
        "locations": [
          { "start": { "line": 3, "column": 42 }, "end": { "line": 3, "column": 58 } },
          { "start": { "line": 3, "column": 62 }, "end": { "line": 3, "column": 63 } }
        ],
        "line": 3
      },
      "2": {
        "loc": { "start": { "line": 3, "column": 68 }, "end": { "line": 3, "column": 92 } },
        "type": "binary-expr",
        "locations": [
          { "start": { "line": 3, "column": 68 }, "end": { "line": 3, "column": 87 } },
          { "start": { "line": 3, "column": 91 }, "end": { "line": 3, "column": 92 } }
        ],
        "line": 3
      },
      "3": {
        "loc": { "start": { "line": 6, "column": 41 }, "end": { "line": 6, "column": 56 } },
        "type": "default-arg",
        "locations": [{ "start": { "line": 6, "column": 55 }, "end": { "line": 6, "column": 56 } }],
        "line": 6
      },
      "4": {
        "loc": { "start": { "line": 6, "column": 58 }, "end": { "line": 6, "column": 70 } },
        "type": "default-arg",
        "locations": [{ "start": { "line": 6, "column": 69 }, "end": { "line": 6, "column": 70 } }],
        "line": 6
      },
      "5": {
        "loc": { "start": { "line": 7, "column": 12 }, "end": { "line": 7, "column": 33 } },
        "type": "binary-expr",
        "locations": [
          { "start": { "line": 7, "column": 12 }, "end": { "line": 7, "column": 28 } },
          { "start": { "line": 7, "column": 32 }, "end": { "line": 7, "column": 33 } }
        ],
        "line": 7
      },
      "6": {
        "loc": { "start": { "line": 8, "column": 12 }, "end": { "line": 8, "column": 36 } },
        "type": "binary-expr",
        "locations": [
          { "start": { "line": 8, "column": 12 }, "end": { "line": 8, "column": 31 } },
          { "start": { "line": 8, "column": 35 }, "end": { "line": 8, "column": 36 } }
        ],
        "line": 8
      },
      "7": {
        "loc": { "start": { "line": 9, "column": 12 }, "end": { "line": 9, "column": 33 } },
        "type": "binary-expr",
        "locations": [
          { "start": { "line": 9, "column": 12 }, "end": { "line": 9, "column": 28 } },
          { "start": { "line": 9, "column": 32 }, "end": { "line": 9, "column": 33 } }
        ],
        "line": 9
      }
    },
    "s": { "0": 1, "1": 7, "2": 3, "3": 4, "4": 7, "5": 1, "6": 3, "7": 3, "8": 3, "9": 3 },
    "f": { "0": 7, "1": 7, "2": 3 },
    "b": {
      "0": [3, 4],
      "1": [7, 1],
      "2": [7, 1],
      "3": [1],
      "4": [1],
      "5": [3, 0],
      "6": [3, 1],
      "7": [3, 1]
    },
    "inputSourceMap": null,
    "_coverageSchema": "1a1c01bbd47fc00a2c39e90264f33305004495a9",
    "hash": "189691ea26f27188788ea84daea68654dadccab1"
  },
  "D:\\web\\jewelry_store\\jewelry-project\\back-end\\src\\utils\\sendEmail.js": {
    "path": "D:\\web\\jewelry_store\\jewelry-project\\back-end\\src\\utils\\sendEmail.js",
    "statementMap": {
      "0": { "start": { "line": 3, "column": 2 }, "end": { "line": 9, "column": 3 } },
      "1": { "start": { "line": 4, "column": 4 }, "end": { "line": 4, "column": 59 } },
      "2": { "start": { "line": 6, "column": 4 }, "end": { "line": 8, "column": 7 } },
      "3": { "start": { "line": 11, "column": 15 }, "end": { "line": 11, "column": 36 } },
      "4": { "start": { "line": 12, "column": 15 }, "end": { "line": 12, "column": 51 } },
      "5": { "start": { "line": 13, "column": 15 }, "end": { "line": 13, "column": 36 } },
      "6": { "start": { "line": 14, "column": 15 }, "end": { "line": 14, "column": 36 } },
      "7": { "start": { "line": 15, "column": 15 }, "end": { "line": 15, "column": 44 } },
      "8": { "start": { "line": 17, "column": 2 }, "end": { "line": 19, "column": 3 } },
      "9": { "start": { "line": 18, "column": 4 }, "end": { "line": 18, "column": 52 } },
      "10": { "start": { "line": 21, "column": 22 }, "end": { "line": 26, "column": 4 } },
      "11": { "start": { "line": 28, "column": 2 }, "end": { "line": 34, "column": 5 } }
    },
    "fnMap": {
      "0": {
        "name": "sendEmail",
        "decl": { "start": { "line": 1, "column": 22 }, "end": { "line": 1, "column": 31 } },
        "loc": { "start": { "line": 1, "column": 61 }, "end": { "line": 35, "column": 1 } },
        "line": 1
      }
    },
    "branchMap": {
      "0": {
        "loc": { "start": { "line": 12, "column": 22 }, "end": { "line": 12, "column": 50 } },
        "type": "binary-expr",
        "locations": [
          { "start": { "line": 12, "column": 22 }, "end": { "line": 12, "column": 43 } },
          { "start": { "line": 12, "column": 47 }, "end": { "line": 12, "column": 50 } }
        ],
        "line": 12
      },
      "1": {
        "loc": { "start": { "line": 15, "column": 15 }, "end": { "line": 15, "column": 44 } },
        "type": "binary-expr",
        "locations": [
          { "start": { "line": 15, "column": 15 }, "end": { "line": 15, "column": 36 } },
          { "start": { "line": 15, "column": 40 }, "end": { "line": 15, "column": 44 } }
        ],
        "line": 15
      },
      "2": {
        "loc": { "start": { "line": 17, "column": 2 }, "end": { "line": 19, "column": 3 } },
        "type": "if",
        "locations": [
          { "start": { "line": 17, "column": 2 }, "end": { "line": 19, "column": 3 } },
          { "start": {}, "end": {} }
        ],
        "line": 17
      },
      "3": {
        "loc": { "start": { "line": 17, "column": 6 }, "end": { "line": 17, "column": 29 } },
        "type": "binary-expr",
        "locations": [
          { "start": { "line": 17, "column": 6 }, "end": { "line": 17, "column": 11 } },
          { "start": { "line": 17, "column": 15 }, "end": { "line": 17, "column": 20 } },
          { "start": { "line": 17, "column": 24 }, "end": { "line": 17, "column": 29 } }
        ],
        "line": 17
      }
    },
    "s": {
      "0": 0,
      "1": 0,
      "2": 0,
      "3": 0,
      "4": 0,
      "5": 0,
      "6": 0,
      "7": 0,
      "8": 0,
      "9": 0,
      "10": 0,
      "11": 0
    },
    "f": { "0": 0 },
    "b": { "0": [0, 0], "1": [0, 0], "2": [0, 0], "3": [0, 0, 0] },
    "inputSourceMap": null,
    "_coverageSchema": "1a1c01bbd47fc00a2c39e90264f33305004495a9",
    "hash": "801ccf02f1bbe5c8c772bf2794a9846c2d6a8f07"
  },
  "D:\\web\\jewelry_store\\jewelry-project\\back-end\\utils\\generateToken.js": {
    "path": "D:\\web\\jewelry_store\\jewelry-project\\back-end\\utils\\generateToken.js",
    "statementMap": {
      "0": { "start": { "line": 3, "column": 18 }, "end": { "line": 3, "column": 52 } },
      "1": { "start": { "line": 5, "column": 29 }, "end": { "line": 6, "column": 69 } },
      "2": { "start": { "line": 6, "column": 2 }, "end": { "line": 6, "column": 69 } }
    },
    "fnMap": {
      "0": {
        "name": "(anonymous_0)",
        "decl": { "start": { "line": 5, "column": 29 }, "end": { "line": 5, "column": 30 } },
        "loc": { "start": { "line": 6, "column": 2 }, "end": { "line": 6, "column": 69 } },
        "line": 6
      }
    },
    "branchMap": {
      "0": {
        "loc": { "start": { "line": 3, "column": 18 }, "end": { "line": 3, "column": 52 } },
        "type": "binary-expr",
        "locations": [
          { "start": { "line": 3, "column": 18 }, "end": { "line": 3, "column": 44 } },
          { "start": { "line": 3, "column": 48 }, "end": { "line": 3, "column": 52 } }
        ],
        "line": 3
      }
    },
    "s": { "0": 1, "1": 1, "2": 1 },
    "f": { "0": 1 },
    "b": { "0": [1, 1] },
    "inputSourceMap": null,
    "_coverageSchema": "1a1c01bbd47fc00a2c39e90264f33305004495a9",
    "hash": "9e877b2340b49bd4fc67f019b089242a6f8e864f"
  }
}
