TN:
SF:middleware\authMiddleware.js
FN:5,(anonymous_0)
FN:29,(anonymous_1)
FN:30,(anonymous_2)
FNF:3
FNH:2
FNDA:6,(anonymous_0)
FNDA:1,(anonymous_1)
FNDA:0,(anonymous_2)
DA:5,2
DA:6,6
DA:7,6
DA:8,6
DA:9,2
DA:12,4
DA:13,4
DA:14,3
DA:16,3
DA:17,2
DA:20,1
DA:21,1
DA:23,1
DA:29,2
DA:30,1
DA:31,0
DA:32,0
DA:34,0
LF:18
LH:15
BRDA:7,0,0,6
BRDA:7,0,1,1
BRDA:8,1,0,2
BRDA:8,1,1,4
BRDA:16,2,0,2
BRDA:16,2,1,1
BRDA:16,3,0,3
BRDA:16,3,1,2
BRDA:31,4,0,0
BRDA:31,4,1,0
BRF:10
BRH:8
end_of_record
TN:
SF:src\controllers\authController.js
FN:8,(anonymous_0)
FN:33,(anonymous_1)
FN:74,(anonymous_2)
FN:117,(anonymous_3)
FN:179,(anonymous_4)
FN:223,(anonymous_5)
FN:251,(anonymous_6)
FN:255,(anonymous_7)
FN:260,(anonymous_8)
FN:302,(anonymous_9)
FNF:10
FNH:2
FNDA:0,(anonymous_0)
FNDA:0,(anonymous_1)
FNDA:1,(anonymous_2)
FNDA:1,(anonymous_3)
FNDA:0,(anonymous_4)
FNDA:0,(anonymous_5)
FNDA:0,(anonymous_6)
FNDA:0,(anonymous_7)
FNDA:0,(anonymous_8)
FNDA:0,(anonymous_9)
DA:7,1
DA:8,1
DA:9,0
DA:11,0
DA:12,0
DA:14,0
DA:15,0
DA:16,0
DA:17,0
DA:20,0
DA:22,0
DA:23,0
DA:25,0
DA:33,1
DA:34,0
DA:35,0
DA:36,0
DA:37,0
DA:38,0
DA:40,0
DA:41,0
DA:42,0
DA:44,0
DA:45,0
DA:50,0
DA:59,0
DA:69,0
DA:74,1
DA:75,1
DA:76,1
DA:77,1
DA:79,1
DA:80,1
DA:81,0
DA:83,1
DA:84,0
DA:89,1
DA:98,1
DA:99,1
DA:112,0
DA:117,1
DA:118,1
DA:119,1
DA:120,1
DA:122,1
DA:123,1
DA:126,0
DA:127,0
DA:129,0
DA:130,0
DA:133,0
DA:134,0
DA:139,0
DA:141,0
DA:142,0
DA:143,0
DA:144,0
DA:145,0
DA:147,0
DA:148,0
DA:149,0
DA:152,0
DA:153,0
DA:156,0
DA:157,0
DA:158,0
DA:160,0
DA:161,0
DA:174,0
DA:179,1
DA:180,0
DA:181,0
DA:184,0
DA:186,0
DA:188,0
DA:189,0
DA:191,0
DA:192,0
DA:193,0
DA:195,0
DA:196,0
DA:197,0
DA:199,0
DA:204,0
DA:206,0
DA:207,0
DA:214,0
DA:217,0
DA:219,0
DA:223,1
DA:224,0
DA:225,0
DA:226,0
DA:227,0
DA:229,0
DA:230,0
DA:235,0
DA:237,0
DA:238,0
DA:239,0
DA:240,0
DA:241,0
DA:242,0
DA:244,0
DA:246,0
DA:251,1
DA:252,0
DA:255,1
DA:256,0
DA:260,1
DA:261,0
DA:262,0
DA:263,0
DA:264,0
DA:265,0
DA:268,0
DA:269,0
DA:270,0
DA:273,0
DA:274,0
DA:275,0
DA:276,0
DA:277,0
DA:278,0
DA:279,0
DA:283,0
DA:285,0
DA:286,0
DA:288,0
DA:298,0
DA:302,1
DA:303,0
DA:304,0
DA:305,0
DA:307,0
DA:308,0
DA:310,0
DA:311,0
DA:313,0
DA:315,0
DA:316,0
DA:319,0
DA:320,0
DA:321,0
DA:330,0
DA:331,0
DA:332,0
DA:333,0
DA:335,0
DA:336,0
DA:337,0
DA:339,0
DA:342,0
DA:343,0
DA:356,0
DA:357,0
LF:156
LH:25
BRDA:9,0,0,0
BRDA:9,0,1,0
BRDA:15,1,0,0
BRDA:15,1,1,0
BRDA:16,2,0,0
BRDA:16,2,1,0
BRDA:17,3,0,0
BRDA:17,3,1,0
BRDA:37,4,0,0
BRDA:37,4,1,0
BRDA:41,5,0,0
BRDA:41,5,1,0
BRDA:44,6,0,0
BRDA:44,6,1,0
BRDA:44,7,0,0
BRDA:44,7,1,0
BRDA:80,8,0,0
BRDA:80,8,1,1
BRDA:83,9,0,0
BRDA:83,9,1,1
BRDA:83,10,0,1
BRDA:83,10,1,1
BRDA:122,11,0,1
BRDA:122,11,1,0
BRDA:129,12,0,0
BRDA:129,12,1,0
BRDA:129,13,0,0
BRDA:129,13,1,0
BRDA:133,14,0,0
BRDA:133,14,1,0
BRDA:141,15,0,0
BRDA:141,15,1,0
BRDA:142,16,0,0
BRDA:142,16,1,0
BRDA:143,17,0,0
BRDA:143,17,1,0
BRDA:149,18,0,0
BRDA:149,18,1,0
BRDA:152,19,0,0
BRDA:152,19,1,0
BRDA:181,20,0,0
BRDA:181,20,1,0
BRDA:184,21,0,0
BRDA:184,21,1,0
BRDA:189,22,0,0
BRDA:189,22,1,0
BRDA:200,23,0,0
BRDA:200,23,1,0
BRDA:200,23,2,0
BRDA:225,24,0,0
BRDA:225,24,1,0
BRDA:226,25,0,0
BRDA:226,25,1,0
BRDA:226,26,0,0
BRDA:226,26,1,0
BRDA:235,27,0,0
BRDA:235,27,1,0
BRDA:264,28,0,0
BRDA:264,28,1,0
BRDA:264,29,0,0
BRDA:264,29,1,0
BRDA:264,29,2,0
BRDA:264,29,3,0
BRDA:264,29,4,0
BRDA:269,30,0,0
BRDA:269,30,1,0
BRDA:273,31,0,0
BRDA:273,31,1,0
BRDA:274,32,0,0
BRDA:274,32,1,0
BRDA:275,33,0,0
BRDA:275,33,1,0
BRDA:276,34,0,0
BRDA:276,34,1,0
BRDA:278,35,0,0
BRDA:278,35,1,0
BRDA:278,36,0,0
BRDA:278,36,1,0
BRDA:285,37,0,0
BRDA:285,37,1,0
BRDA:305,38,0,0
BRDA:305,38,1,0
BRDA:311,39,0,0
BRDA:311,39,1,0
BRDA:315,40,0,0
BRDA:315,40,1,0
BRDA:315,41,0,0
BRDA:315,41,1,0
BRDA:319,42,0,0
BRDA:319,42,1,0
BRDA:322,43,0,0
BRDA:322,43,1,0
BRDA:331,44,0,0
BRDA:331,44,1,0
BRDA:331,45,0,0
BRDA:331,45,1,0
BRDA:335,46,0,0
BRDA:335,46,1,0
BRDA:335,47,0,0
BRDA:335,47,1,0
BRDA:339,48,0,0
BRDA:339,48,1,0
BRDA:359,49,0,0
BRDA:359,49,1,0
BRF:104
BRH:5
end_of_record
TN:
SF:src\controllers\couponController.js
FN:3,(anonymous_0)
FN:4,(anonymous_1)
FN:24,(anonymous_2)
FN:35,(anonymous_3)
FN:74,(anonymous_4)
FN:83,(anonymous_5)
FN:102,(anonymous_6)
FN:130,(anonymous_7)
FNF:8
FNH:1
FNDA:0,(anonymous_0)
FNDA:0,(anonymous_1)
FNDA:8,(anonymous_2)
FNDA:0,(anonymous_3)
FNDA:0,(anonymous_4)
FNDA:0,(anonymous_5)
FNDA:0,(anonymous_6)
FNDA:0,(anonymous_7)
DA:3,1
DA:4,0
DA:5,0
DA:6,0
DA:9,0
DA:24,1
DA:25,8
DA:27,5
DA:31,5
DA:32,5
DA:35,1
DA:36,0
DA:37,0
DA:40,0
DA:41,0
DA:42,0
DA:44,0
DA:45,0
DA:46,0
DA:48,0
DA:49,0
DA:50,0
DA:51,0
DA:52,0
DA:53,0
DA:54,0
DA:55,0
DA:57,0
DA:58,0
DA:63,0
DA:64,0
DA:70,0
DA:74,1
DA:75,0
DA:76,0
DA:77,0
DA:79,0
DA:83,1
DA:84,0
DA:85,0
DA:86,0
DA:87,0
DA:90,0
DA:91,0
DA:92,0
DA:95,0
DA:96,0
DA:98,0
DA:102,1
DA:103,0
DA:104,0
DA:105,0
DA:106,0
DA:109,0
DA:110,0
DA:111,0
DA:114,0
DA:120,0
DA:121,0
DA:124,0
DA:126,0
DA:130,1
DA:131,0
DA:132,0
DA:133,0
DA:134,0
DA:136,0
DA:138,0
DA:142,1
LF:69
LH:12
BRDA:3,0,0,0
BRDA:4,1,0,0
BRDA:6,2,0,0
BRDA:6,2,1,0
BRDA:10,3,0,0
BRDA:10,3,1,0
BRDA:13,4,0,0
BRDA:13,4,1,0
BRDA:15,5,0,0
BRDA:15,5,1,0
BRDA:16,6,0,0
BRDA:16,6,1,0
BRDA:25,7,0,3
BRDA:25,7,1,5
BRDA:25,8,0,8
BRDA:25,8,1,7
BRDA:25,8,2,6
BRDA:27,9,0,2
BRDA:27,9,1,3
BRDA:28,10,0,2
BRDA:28,10,1,0
BRDA:29,11,0,3
BRDA:29,11,1,0
BRDA:31,12,0,2
BRDA:31,12,1,3
BRDA:31,13,0,5
BRDA:31,13,1,2
BRDA:37,14,0,0
BRDA:37,14,1,0
BRDA:40,15,0,0
BRDA:40,15,1,0
BRDA:41,16,0,0
BRDA:41,16,1,0
BRDA:45,17,0,0
BRDA:45,17,1,0
BRDA:49,18,0,0
BRDA:49,18,1,0
BRDA:50,19,0,0
BRDA:50,19,1,0
BRDA:50,20,0,0
BRDA:50,20,1,0
BRDA:52,21,0,0
BRDA:52,21,1,0
BRDA:52,22,0,0
BRDA:52,22,1,0
BRDA:54,23,0,0
BRDA:54,23,1,0
BRDA:54,24,0,0
BRDA:54,24,1,0
BRDA:57,25,0,0
BRDA:57,25,1,0
BRDA:57,26,0,0
BRDA:57,26,1,0
BRDA:60,27,0,0
BRDA:60,27,1,0
BRDA:86,28,0,0
BRDA:86,28,1,0
BRDA:91,29,0,0
BRDA:91,29,1,0
BRDA:105,30,0,0
BRDA:105,30,1,0
BRDA:110,31,0,0
BRDA:110,31,1,0
BRDA:120,32,0,0
BRDA:120,32,1,0
BRDA:133,33,0,0
BRDA:133,33,1,0
BRF:67
BRH:13
end_of_record
TN:
SF:src\models\coupon.js
FNF:0
FNH:0
DA:3,1
DA:19,1
DA:21,1
LF:3
LH:3
BRF:0
BRH:0
end_of_record
TN:
SF:src\models\user.js
FN:34,hashPassword
FN:46,matchPassword
FNF:2
FNH:0
FNDA:0,hashPassword
FNDA:0,matchPassword
DA:5,1
DA:34,1
DA:35,0
DA:36,0
DA:37,0
DA:38,0
DA:39,0
DA:41,0
DA:46,1
DA:47,0
DA:50,1
LF:11
LH:4
BRDA:35,0,0,0
BRDA:35,0,1,0
BRF:2
BRH:0
end_of_record
TN:
SF:src\routes\authRoutes.js
FNF:0
FNH:0
DA:15,1
DA:18,1
DA:21,1
DA:22,1
DA:23,1
DA:24,1
DA:25,1
DA:26,1
DA:27,1
DA:28,1
LF:10
LH:10
BRF:0
BRH:0
end_of_record
TN:
SF:src\utils\cartHelper.js
FN:1,(anonymous_0)
FN:3,(anonymous_1)
FN:6,(anonymous_2)
FNF:3
FNH:3
FNDA:7,(anonymous_0)
FNDA:7,(anonymous_1)
FNDA:3,(anonymous_2)
DA:1,1
DA:2,7
DA:3,7
DA:6,1
DA:7,3
DA:8,3
DA:9,3
DA:10,3
LF:8
LH:8
BRDA:2,0,0,3
BRDA:2,0,1,4
BRDA:3,1,0,7
BRDA:3,1,1,1
BRDA:3,2,0,7
BRDA:3,2,1,1
BRDA:6,3,0,1
BRDA:6,4,0,1
BRDA:7,5,0,3
BRDA:7,5,1,0
BRDA:8,6,0,3
BRDA:8,6,1,1
BRDA:9,7,0,3
BRDA:9,7,1,1
BRF:14
BRH:13
end_of_record
TN:
SF:src\utils\sendEmail.js
FN:1,sendEmail
FNF:1
FNH:0
FNDA:0,sendEmail
DA:3,0
DA:4,0
DA:6,0
DA:11,0
DA:12,0
DA:13,0
DA:14,0
DA:15,0
DA:17,0
DA:18,0
DA:21,0
DA:28,0
LF:12
LH:0
BRDA:12,0,0,0
BRDA:12,0,1,0
BRDA:15,1,0,0
BRDA:15,1,1,0
BRDA:17,2,0,0
BRDA:17,2,1,0
BRDA:17,3,0,0
BRDA:17,3,1,0
BRDA:17,3,2,0
BRF:9
BRH:0
end_of_record
TN:
SF:utils\generateToken.js
FN:5,(anonymous_0)
FNF:1
FNH:1
FNDA:1,(anonymous_0)
DA:3,1
DA:5,1
DA:6,1
LF:3
LH:3
BRDA:3,0,0,1
BRDA:3,0,1,1
BRF:2
BRH:2
end_of_record
